2026-05-08 19:44:24 INFO main - instrumented a special java.util.Set into: sun.nio.ch.EPollSelectorImpl@776b83cc
2026-05-08 19:44:24 INFO main - instrumented a special java.util.Set into: sun.nio.ch.EPollSelectorImpl@5a45133e
2026-05-08 19:44:24 INFO main - instrumented a special java.util.Set into: sun.nio.ch.EPollSelectorImpl@4f80542f
2026-05-08 19:44:24 INFO main - instrumented a special java.util.Set into: sun.nio.ch.EPollSelectorImpl@60bd273d
2026-05-08 19:44:24 INFO main - instrumented a special java.util.Set into: sun.nio.ch.EPollSelectorImpl@121314f7
2026-05-08 19:44:24 INFO main - instrumented a special java.util.Set into: sun.nio.ch.EPollSelectorImpl@452e19ca
2026-05-08 19:44:24 INFO main - instrumented a special java.util.Set into: sun.nio.ch.EPollSelectorImpl@6f8e8894
2026-05-08 19:44:24 INFO main - instrumented a special java.util.Set into: sun.nio.ch.EPollSelectorImpl@3cfdd820
2026-05-08 19:44:24 INFO main - instrumented a special java.util.Set into: sun.nio.ch.EPollSelectorImpl@928763c
2026-05-08 19:44:25 INFO main - instrumented a special java.util.Set into: sun.nio.ch.EPollSelectorImpl@5ff2e84b
2026-05-08 19:44:25 INFO main - instrumented a special java.util.Set into: sun.nio.ch.EPollSelectorImpl@64a4dd8d
2026-05-08 19:44:25 INFO main - instrumented a special java.util.Set into: sun.nio.ch.EPollSelectorImpl@2dddc1b9
2026-05-08 19:44:25 INFO main - instrumented a special java.util.Set into: sun.nio.ch.EPollSelectorImpl@65a5d4f9
2026-05-08 19:44:25 INFO ColdDataPullRequestHoldService - ColdDataPullRequestHoldService service started
2026-05-08 19:44:25 INFO ColdDataCgCtrService - ColdDataCgCtrService service started
2026-05-08 19:44:25 INFO main - instrumented a special java.util.Set into: sun.nio.ch.EPollSelectorImpl@2ff15f8c
2026-05-08 19:44:45 INFO ColdDataPullRequestHoldService - checkColdPullRequest-info-finish, queueSize: 0 successTotal: 0 errorTotal: 0
2026-05-08 19:44:45 INFO ColdDataPullRequestHoldService - [OK] checkColdDataPullRequest-cost 2 ms.
2026-05-08 19:45:05 INFO ColdDataPullRequestHoldService - checkColdPullRequest-info-finish, queueSize: 0 successTotal: 0 errorTotal: 0
2026-05-08 19:45:05 INFO ColdDataPullRequestHoldService - [OK] checkColdDataPullRequest-cost 0 ms.
2026-05-08 19:45:25 INFO ColdDataPullRequestHoldService - checkColdPullRequest-info-finish, queueSize: 0 successTotal: 0 errorTotal: 0
2026-05-08 19:45:25 INFO ColdDataPullRequestHoldService - [OK] checkColdDataPullRequest-cost 2 ms.
2026-05-08 19:45:45 INFO ColdDataPullRequestHoldService - checkColdPullRequest-info-finish, queueSize: 0 successTotal: 0 errorTotal: 0
2026-05-08 19:45:45 INFO ColdDataPullRequestHoldService - [OK] checkColdDataPullRequest-cost 1 ms.
2026-05-08 19:46:05 INFO ColdDataPullRequestHoldService - checkColdPullRequest-info-finish, queueSize: 0 successTotal: 0 errorTotal: 0
2026-05-08 19:46:05 INFO ColdDataPullRequestHoldService - [OK] checkColdDataPullRequest-cost 0 ms.
2026-05-08 19:46:25 INFO ColdDataPullRequestHoldService - checkColdPullRequest-info-finish, queueSize: 0 successTotal: 0 errorTotal: 0
2026-05-08 19:46:25 INFO ColdDataPullRequestHoldService - [OK] checkColdDataPullRequest-cost 1 ms.
2026-05-08 19:46:45 INFO ColdDataPullRequestHoldService - checkColdPullRequest-info-finish, queueSize: 0 successTotal: 0 errorTotal: 0
2026-05-08 19:46:45 INFO ColdDataPullRequestHoldService - [OK] checkColdDataPullRequest-cost 0 ms.
2026-05-08 19:47:05 INFO ColdDataPullRequestHoldService - checkColdPullRequest-info-finish, queueSize: 0 successTotal: 0 errorTotal: 0
2026-05-08 19:47:05 INFO ColdDataPullRequestHoldService - [OK] checkColdDataPullRequest-cost 0 ms.
2026-05-08 19:47:25 INFO ColdDataCgCtrService - clearDataAcc cgColdThresholdMapRuntime key size: 0
2026-05-08 19:47:25 INFO ColdDataCgCtrService - [OK] clearTheDataAcc-cost 1 ms.
2026-05-08 19:47:25 INFO ColdDataPullRequestHoldService - checkColdPullRequest-info-finish, queueSize: 0 successTotal: 0 errorTotal: 0
2026-05-08 19:47:25 INFO ColdDataPullRequestHoldService - [OK] checkColdDataPullRequest-cost 0 ms.
2026-05-08 19:47:45 INFO ColdDataPullRequestHoldService - checkColdPullRequest-info-finish, queueSize: 0 successTotal: 0 errorTotal: 0
2026-05-08 19:47:45 INFO ColdDataPullRequestHoldService - [OK] checkColdDataPullRequest-cost 0 ms.
2026-05-08 19:48:05 INFO ColdDataPullRequestHoldService - checkColdPullRequest-info-finish, queueSize: 0 successTotal: 0 errorTotal: 0
2026-05-08 19:48:05 INFO ColdDataPullRequestHoldService - [OK] checkColdDataPullRequest-cost 0 ms.
2026-05-08 19:48:25 INFO ColdDataPullRequestHoldService - checkColdPullRequest-info-finish, queueSize: 0 successTotal: 0 errorTotal: 0
2026-05-08 19:48:25 INFO ColdDataPullRequestHoldService - [OK] checkColdDataPullRequest-cost 0 ms.
2026-05-08 19:48:45 INFO ColdDataPullRequestHoldService - checkColdPullRequest-info-finish, queueSize: 0 successTotal: 0 errorTotal: 0
2026-05-08 19:48:45 INFO ColdDataPullRequestHoldService - [OK] checkColdDataPullRequest-cost 1 ms.
2026-05-08 19:49:05 INFO ColdDataPullRequestHoldService - checkColdPullRequest-info-finish, queueSize: 0 successTotal: 0 errorTotal: 0
2026-05-08 19:49:05 INFO ColdDataPullRequestHoldService - [OK] checkColdDataPullRequest-cost 0 ms.
2026-05-08 19:49:25 INFO ColdDataPullRequestHoldService - checkColdPullRequest-info-finish, queueSize: 0 successTotal: 0 errorTotal: 0
2026-05-08 19:49:25 INFO ColdDataPullRequestHoldService - [OK] checkColdDataPullRequest-cost 0 ms.
2026-05-08 19:49:45 INFO ColdDataPullRequestHoldService - checkColdPullRequest-info-finish, queueSize: 0 successTotal: 0 errorTotal: 0
2026-05-08 19:49:45 INFO ColdDataPullRequestHoldService - [OK] checkColdDataPullRequest-cost 0 ms.
2026-05-08 19:50:05 INFO ColdDataPullRequestHoldService - checkColdPullRequest-info-finish, queueSize: 0 successTotal: 0 errorTotal: 0
2026-05-08 19:50:05 INFO ColdDataPullRequestHoldService - [OK] checkColdDataPullRequest-cost 1 ms.
2026-05-08 19:50:25 INFO ColdDataCgCtrService - clearDataAcc cgColdThresholdMapRuntime key size: 0
2026-05-08 19:50:25 INFO ColdDataCgCtrService - [OK] clearTheDataAcc-cost 0 ms.
2026-05-08 19:50:25 INFO ColdDataPullRequestHoldService - checkColdPullRequest-info-finish, queueSize: 0 successTotal: 0 errorTotal: 0
2026-05-08 19:50:25 INFO ColdDataPullRequestHoldService - [OK] checkColdDataPullRequest-cost 0 ms.
2026-05-08 19:50:45 INFO ColdDataPullRequestHoldService - checkColdPullRequest-info-finish, queueSize: 0 successTotal: 0 errorTotal: 0
2026-05-08 19:50:45 INFO ColdDataPullRequestHoldService - [OK] checkColdDataPullRequest-cost 0 ms.
2026-05-08 19:50:52 INFO main - instrumented a special java.util.Set into: sun.nio.ch.EPollSelectorImpl@776b83cc
2026-05-08 19:50:52 INFO main - instrumented a special java.util.Set into: sun.nio.ch.EPollSelectorImpl@18df8434
2026-05-08 19:50:52 INFO main - instrumented a special java.util.Set into: sun.nio.ch.EPollSelectorImpl@4d154ccd
2026-05-08 19:50:52 INFO main - instrumented a special java.util.Set into: sun.nio.ch.EPollSelectorImpl@229c6181
2026-05-08 19:50:52 INFO main - instrumented a special java.util.Set into: sun.nio.ch.EPollSelectorImpl@4686afc2
2026-05-08 19:50:52 INFO main - instrumented a special java.util.Set into: sun.nio.ch.EPollSelectorImpl@19b89d4
2026-05-08 19:50:52 INFO main - instrumented a special java.util.Set into: sun.nio.ch.EPollSelectorImpl@30b6ffe0
2026-05-08 19:50:52 INFO main - instrumented a special java.util.Set into: sun.nio.ch.EPollSelectorImpl@791d1f8b
2026-05-08 19:50:52 INFO main - instrumented a special java.util.Set into: sun.nio.ch.EPollSelectorImpl@2415fc55
2026-05-08 19:50:53 INFO main - instrumented a special java.util.Set into: sun.nio.ch.EPollSelectorImpl@13f9ad9
2026-05-08 19:50:53 INFO main - instrumented a special java.util.Set into: sun.nio.ch.EPollSelectorImpl@21f8e55f
2026-05-08 19:50:53 INFO main - instrumented a special java.util.Set into: sun.nio.ch.EPollSelectorImpl@d5ce97f
2026-05-08 19:50:53 INFO main - instrumented a special java.util.Set into: sun.nio.ch.EPollSelectorImpl@7048535f
2026-05-08 19:50:53 INFO ColdDataPullRequestHoldService - ColdDataPullRequestHoldService service started
2026-05-08 19:50:53 INFO ColdDataCgCtrService - ColdDataCgCtrService service started
2026-05-08 19:50:53 INFO main - instrumented a special java.util.Set into: sun.nio.ch.EPollSelectorImpl@633a2e99
2026-05-08 19:51:13 INFO ColdDataPullRequestHoldService - checkColdPullRequest-info-finish, queueSize: 0 successTotal: 0 errorTotal: 0
2026-05-08 19:51:13 INFO ColdDataPullRequestHoldService - [OK] checkColdDataPullRequest-cost 2 ms.
2026-05-08 19:51:33 INFO ColdDataPullRequestHoldService - checkColdPullRequest-info-finish, queueSize: 0 successTotal: 0 errorTotal: 0
2026-05-08 19:51:33 INFO ColdDataPullRequestHoldService - [OK] checkColdDataPullRequest-cost 0 ms.
