2026-05-08 19:44:24 INFO main - brokerConfigPath=
2026-05-08 19:44:24 INFO main - rocketmqHome=/home/rocketmq/rocketmq-5.3.1
2026-05-08 19:44:24 INFO main - namesrvAddr=namesrv:9876
2026-05-08 19:44:24 INFO main - listenPort=6888
2026-05-08 19:44:24 INFO main - brokerIP1=192.168.164.4
2026-05-08 19:44:24 INFO main - brokerIP2=192.168.164.4
2026-05-08 19:44:24 INFO main - recoverConcurrently=false
2026-05-08 19:44:24 INFO main - brokerPermission=6
2026-05-08 19:44:24 INFO main - defaultTopicQueueNums=8
2026-05-08 19:44:24 INFO main - autoCreateTopicEnable=true
2026-05-08 19:44:24 INFO main - clusterTopicEnable=true
2026-05-08 19:44:24 INFO main - brokerTopicEnable=true
2026-05-08 19:44:24 INFO main - autoCreateSubscriptionGroup=true
2026-05-08 19:44:24 INFO main - messageStorePlugIn=
2026-05-08 19:44:24 INFO main - msgTraceTopicName=RMQ_SYS_TRACE_TOPIC
2026-05-08 19:44:24 INFO main - traceTopicEnable=false
2026-05-08 19:44:24 INFO main - sendMessageThreadPoolNums=4
2026-05-08 19:44:24 INFO main - putMessageFutureThreadPoolNums=4
2026-05-08 19:44:24 INFO main - pullMessageThreadPoolNums=46
2026-05-08 19:44:24 INFO main - litePullMessageThreadPoolNums=46
2026-05-08 19:44:24 INFO main - ackMessageThreadPoolNums=16
2026-05-08 19:44:24 INFO main - processReplyMessageThreadPoolNums=46
2026-05-08 19:44:24 INFO main - queryMessageThreadPoolNums=23
2026-05-08 19:44:24 INFO main - adminBrokerThreadPoolNums=16
2026-05-08 19:44:24 INFO main - clientManageThreadPoolNums=32
2026-05-08 19:44:24 INFO main - consumerManageThreadPoolNums=32
2026-05-08 19:44:24 INFO main - loadBalanceProcessorThreadPoolNums=32
2026-05-08 19:44:24 INFO main - heartbeatThreadPoolNums=15
2026-05-08 19:44:24 INFO main - recoverThreadPoolNums=32
2026-05-08 19:44:24 INFO main - endTransactionThreadPoolNums=38
2026-05-08 19:44:24 INFO main - flushConsumerOffsetInterval=5000
2026-05-08 19:44:24 INFO main - flushConsumerOffsetHistoryInterval=60000
2026-05-08 19:44:24 INFO main - rejectTransactionMessage=false
2026-05-08 19:44:24 INFO main - fetchNameSrvAddrByDnsLookup=false
2026-05-08 19:44:24 INFO main - fetchNamesrvAddrByAddressServer=false
2026-05-08 19:44:24 INFO main - sendThreadPoolQueueCapacity=10000
2026-05-08 19:44:24 INFO main - putThreadPoolQueueCapacity=10000
2026-05-08 19:44:24 INFO main - pullThreadPoolQueueCapacity=100000
2026-05-08 19:44:24 INFO main - litePullThreadPoolQueueCapacity=100000
2026-05-08 19:44:24 INFO main - ackThreadPoolQueueCapacity=100000
2026-05-08 19:44:24 INFO main - replyThreadPoolQueueCapacity=10000
2026-05-08 19:44:24 INFO main - queryThreadPoolQueueCapacity=20000
2026-05-08 19:44:24 INFO main - clientManagerThreadPoolQueueCapacity=1000000
2026-05-08 19:44:24 INFO main - consumerManagerThreadPoolQueueCapacity=1000000
2026-05-08 19:44:24 INFO main - heartbeatThreadPoolQueueCapacity=50000
2026-05-08 19:44:24 INFO main - endTransactionPoolQueueCapacity=100000
2026-05-08 19:44:24 INFO main - adminBrokerThreadPoolQueueCapacity=10000
2026-05-08 19:44:24 INFO main - loadBalanceThreadPoolQueueCapacity=100000
2026-05-08 19:44:24 INFO main - longPollingEnable=true
2026-05-08 19:44:24 INFO main - shortPollingTimeMills=1000
2026-05-08 19:44:24 INFO main - notifyConsumerIdsChangedEnable=true
2026-05-08 19:44:24 INFO main - highSpeedMode=false
2026-05-08 19:44:24 INFO main - commercialBaseCount=1
2026-05-08 19:44:24 INFO main - commercialSizePerMsg=4096
2026-05-08 19:44:24 INFO main - accountStatsEnable=true
2026-05-08 19:44:24 INFO main - accountStatsPrintZeroValues=true
2026-05-08 19:44:24 INFO main - transferMsgByHeap=true
2026-05-08 19:44:24 INFO main - regionId=DefaultRegion
2026-05-08 19:44:24 INFO main - registerBrokerTimeoutMills=24000
2026-05-08 19:44:24 INFO main - sendHeartbeatTimeoutMillis=1000
2026-05-08 19:44:24 INFO main - slaveReadEnable=false
2026-05-08 19:44:24 INFO main - disableConsumeIfConsumerReadSlowly=false
2026-05-08 19:44:24 INFO main - consumerFallbehindThreshold=17179869184
2026-05-08 19:44:24 INFO main - brokerFastFailureEnable=true
2026-05-08 19:44:24 INFO main - waitTimeMillsInSendQueue=200
2026-05-08 19:44:24 INFO main - waitTimeMillsInPullQueue=5000
2026-05-08 19:44:24 INFO main - waitTimeMillsInLitePullQueue=5000
2026-05-08 19:44:24 INFO main - waitTimeMillsInHeartbeatQueue=31000
2026-05-08 19:44:24 INFO main - waitTimeMillsInTransactionQueue=3000
2026-05-08 19:44:24 INFO main - waitTimeMillsInAckQueue=3000
2026-05-08 19:44:24 INFO main - waitTimeMillsInAdminBrokerQueue=5000
2026-05-08 19:44:24 INFO main - startAcceptSendRequestTimeStamp=0
2026-05-08 19:44:24 INFO main - traceOn=true
2026-05-08 19:44:24 INFO main - enableCalcFilterBitMap=false
2026-05-08 19:44:24 INFO main - rejectPullConsumerEnable=false
2026-05-08 19:44:24 INFO main - expectConsumerNumUseFilter=32
2026-05-08 19:44:24 INFO main - maxErrorRateOfBloomFilter=20
2026-05-08 19:44:24 INFO main - filterDataCleanTimeSpan=86400000
2026-05-08 19:44:24 INFO main - filterSupportRetry=false
2026-05-08 19:44:24 INFO main - enablePropertyFilter=false
2026-05-08 19:44:24 INFO main - compressedRegister=false
2026-05-08 19:44:24 INFO main - forceRegister=true
2026-05-08 19:44:24 INFO main - registerNameServerPeriod=30000
2026-05-08 19:44:24 INFO main - updateNameServerAddrPeriod=120000
2026-05-08 19:44:24 INFO main - brokerHeartbeatInterval=1000
2026-05-08 19:44:24 INFO main - brokerNotActiveTimeoutMillis=10000
2026-05-08 19:44:24 INFO main - enableNetWorkFlowControl=false
2026-05-08 19:44:24 INFO main - enableBroadcastOffsetStore=true
2026-05-08 19:44:24 INFO main - broadcastOffsetExpireSecond=120
2026-05-08 19:44:24 INFO main - broadcastOffsetExpireMaxSecond=300
2026-05-08 19:44:24 INFO main - popPollingSize=1024
2026-05-08 19:44:24 INFO main - popPollingMapSize=100000
2026-05-08 19:44:24 INFO main - maxPopPollingSize=100000
2026-05-08 19:44:24 INFO main - reviveQueueNum=8
2026-05-08 19:44:24 INFO main - reviveInterval=1000
2026-05-08 19:44:24 INFO main - reviveMaxSlow=3
2026-05-08 19:44:24 INFO main - reviveScanTime=10000
2026-05-08 19:44:24 INFO main - enableSkipLongAwaitingAck=false
2026-05-08 19:44:24 INFO main - reviveAckWaitMs=180000
2026-05-08 19:44:24 INFO main - enablePopLog=false
2026-05-08 19:44:24 INFO main - enablePopBufferMerge=false
2026-05-08 19:44:24 INFO main - popCkStayBufferTime=10000
2026-05-08 19:44:24 INFO main - popCkStayBufferTimeOut=3000
2026-05-08 19:44:24 INFO main - popCkMaxBufferSize=200000
2026-05-08 19:44:24 INFO main - popCkOffsetMaxQueueSize=20000
2026-05-08 19:44:24 INFO main - enablePopBatchAck=false
2026-05-08 19:44:24 INFO main - enableNotifyAfterPopOrderLockRelease=true
2026-05-08 19:44:24 INFO main - initPopOffsetByCheckMsgInMem=true
2026-05-08 19:44:24 INFO main - retrieveMessageFromPopRetryTopicV1=true
2026-05-08 19:44:24 INFO main - enableRetryTopicV2=false
2026-05-08 19:44:24 INFO main - popFromRetryProbability=20
2026-05-08 19:44:24 INFO main - realTimeNotifyConsumerChange=true
2026-05-08 19:44:24 INFO main - litePullMessageEnable=true
2026-05-08 19:44:24 INFO main - syncBrokerMemberGroupPeriod=1000
2026-05-08 19:44:24 INFO main - loadBalancePollNameServerInterval=30000
2026-05-08 19:44:24 INFO main - cleanOfflineBrokerInterval=30000
2026-05-08 19:44:24 INFO main - serverLoadBalancerEnable=true
2026-05-08 19:44:24 INFO main - defaultMessageRequestMode=PULL
2026-05-08 19:44:24 INFO main - defaultPopShareQueueNum=-1
2026-05-08 19:44:24 INFO main - transactionTimeOut=6000
2026-05-08 19:44:24 INFO main - transactionCheckMax=15
2026-05-08 19:44:24 INFO main - transactionCheckInterval=30000
2026-05-08 19:44:24 INFO main - transactionMetricFlushInterval=3000
2026-05-08 19:44:24 INFO main - transactionOpMsgMaxSize=4096
2026-05-08 19:44:24 INFO main - transactionOpBatchInterval=3000
2026-05-08 19:44:24 INFO main - aclEnable=false
2026-05-08 19:44:24 INFO main - storeReplyMessageEnable=true
2026-05-08 19:44:24 INFO main - enableDetailStat=true
2026-05-08 19:44:24 INFO main - autoDeleteUnusedStats=true
2026-05-08 19:44:24 INFO main - isolateLogEnable=false
2026-05-08 19:44:24 INFO main - forwardTimeout=3000
2026-05-08 19:44:24 INFO main - enableSlaveActingMaster=false
2026-05-08 19:44:24 INFO main - enableRemoteEscape=false
2026-05-08 19:44:24 INFO main - skipPreOnline=false
2026-05-08 19:44:24 INFO main - asyncSendEnable=true
2026-05-08 19:44:24 INFO main - useServerSideResetOffset=true
2026-05-08 19:44:24 INFO main - consumerOffsetUpdateVersionStep=500
2026-05-08 19:44:24 INFO main - delayOffsetUpdateVersionStep=200
2026-05-08 19:44:24 INFO main - lockInStrictMode=false
2026-05-08 19:44:24 INFO main - compatibleWithOldNameSrv=true
2026-05-08 19:44:24 INFO main - enableControllerMode=false
2026-05-08 19:44:24 INFO main - controllerAddr=
2026-05-08 19:44:24 INFO main - fetchControllerAddrByDnsLookup=false
2026-05-08 19:44:24 INFO main - syncBrokerMetadataPeriod=5000
2026-05-08 19:44:24 INFO main - checkSyncStateSetPeriod=5000
2026-05-08 19:44:24 INFO main - syncControllerMetadataPeriod=10000
2026-05-08 19:44:24 INFO main - controllerHeartBeatTimeoutMills=10000
2026-05-08 19:44:24 INFO main - validateSystemTopicWhenUpdateTopic=true
2026-05-08 19:44:24 INFO main - brokerElectionPriority=2147483647
2026-05-08 19:44:24 INFO main - useStaticSubscription=false
2026-05-08 19:44:24 INFO main - metricsExporterType=DISABLE
2026-05-08 19:44:24 INFO main - metricsOtelCardinalityLimit=50000
2026-05-08 19:44:24 INFO main - metricsGrpcExporterTarget=
2026-05-08 19:44:24 INFO main - metricsGrpcExporterHeader=
2026-05-08 19:44:24 INFO main - metricGrpcExporterTimeOutInMills=3000
2026-05-08 19:44:24 INFO main - metricGrpcExporterIntervalInMills=60000
2026-05-08 19:44:24 INFO main - metricLoggingExporterIntervalInMills=10000
2026-05-08 19:44:24 INFO main - metricsPromExporterPort=5557
2026-05-08 19:44:24 INFO main - metricsPromExporterHost=
2026-05-08 19:44:24 INFO main - metricsLabel=
2026-05-08 19:44:24 INFO main - metricsInDelta=false
2026-05-08 19:44:24 INFO main - channelExpiredTimeout=120000
2026-05-08 19:44:24 INFO main - subscriptionExpiredTimeout=600000
2026-05-08 19:44:24 INFO main - estimateAccumulation=true
2026-05-08 19:44:24 INFO main - coldCtrStrategyEnable=false
2026-05-08 19:44:24 INFO main - usePIDColdCtrStrategy=true
2026-05-08 19:44:24 INFO main - cgColdReadThreshold=3145728
2026-05-08 19:44:24 INFO main - globalColdReadThreshold=104857600
2026-05-08 19:44:24 INFO main - fetchNamesrvAddrInterval=10000
2026-05-08 19:44:24 INFO main - popResponseReturnActualRetryTopic=false
2026-05-08 19:44:24 INFO main - enableSingleTopicRegister=false
2026-05-08 19:44:24 INFO main - enableMixedMessageType=false
2026-05-08 19:44:24 INFO main - enableSplitRegistration=false
2026-05-08 19:44:24 INFO main - popInflightMessageThreshold=10000
2026-05-08 19:44:24 INFO main - enablePopMessageThreshold=false
2026-05-08 19:44:24 INFO main - splitRegistrationSize=800
2026-05-08 19:44:24 INFO main - configBlackList=configBlackList;brokerConfigPath
2026-05-08 19:44:24 INFO main - skipWhenCKRePutReachMaxTimes=false
2026-05-08 19:44:24 INFO main - bindAddress=0.0.0.0
2026-05-08 19:44:24 INFO main - listenPort=10911
2026-05-08 19:44:24 INFO main - serverWorkerThreads=8
2026-05-08 19:44:24 INFO main - serverCallbackExecutorThreads=0
2026-05-08 19:44:24 INFO main - serverSelectorThreads=3
2026-05-08 19:44:24 INFO main - serverOnewaySemaphoreValue=256
2026-05-08 19:44:24 INFO main - serverAsyncSemaphoreValue=64
2026-05-08 19:44:24 INFO main - serverChannelMaxIdleTimeSeconds=120
2026-05-08 19:44:24 INFO main - serverSocketSndBufSize=0
2026-05-08 19:44:24 INFO main - serverSocketRcvBufSize=0
2026-05-08 19:44:24 INFO main - writeBufferHighWaterMark=0
2026-05-08 19:44:24 INFO main - writeBufferLowWaterMark=0
2026-05-08 19:44:24 INFO main - serverSocketBacklog=1024
2026-05-08 19:44:24 INFO main - serverNettyWorkerGroupEnable=true
2026-05-08 19:44:24 INFO main - serverPooledByteBufAllocatorEnable=true
2026-05-08 19:44:24 INFO main - enableShutdownGracefully=false
2026-05-08 19:44:24 INFO main - shutdownWaitTimeSeconds=30
2026-05-08 19:44:24 INFO main - useEpollNativeSelector=false
2026-05-08 19:44:24 INFO main - clientWorkerThreads=4
2026-05-08 19:44:24 INFO main - clientCallbackExecutorThreads=15
2026-05-08 19:44:24 INFO main - clientOnewaySemaphoreValue=65535
2026-05-08 19:44:24 INFO main - clientAsyncSemaphoreValue=65535
2026-05-08 19:44:24 INFO main - connectTimeoutMillis=3000
2026-05-08 19:44:24 INFO main - channelNotActiveInterval=60000
2026-05-08 19:44:24 INFO main - isScanAvailableNameSrv=true
2026-05-08 19:44:24 INFO main - clientChannelMaxIdleTimeSeconds=120
2026-05-08 19:44:24 INFO main - clientSocketSndBufSize=0
2026-05-08 19:44:24 INFO main - clientSocketRcvBufSize=0
2026-05-08 19:44:24 INFO main - clientPooledByteBufAllocatorEnable=false
2026-05-08 19:44:24 INFO main - clientCloseSocketIfTimeout=true
2026-05-08 19:44:24 INFO main - useTLS=false
2026-05-08 19:44:24 INFO main - socksProxyConfig={}
2026-05-08 19:44:24 INFO main - writeBufferHighWaterMark=0
2026-05-08 19:44:24 INFO main - writeBufferLowWaterMark=0
2026-05-08 19:44:24 INFO main - disableCallbackExecutor=false
2026-05-08 19:44:24 INFO main - disableNettyWorkerGroup=false
2026-05-08 19:44:24 INFO main - maxReconnectIntervalTimeSeconds=60
2026-05-08 19:44:24 INFO main - enableReconnectForGoAway=true
2026-05-08 19:44:24 INFO main - enableTransparentRetry=true
2026-05-08 19:44:24 INFO main - storePathRootDir=/home/rocketmq/store
2026-05-08 19:44:24 INFO main - storePathCommitLog=
2026-05-08 19:44:24 INFO main - storePathDLedgerCommitLog=
2026-05-08 19:44:24 INFO main - storePathEpochFile=
2026-05-08 19:44:24 INFO main - storePathBrokerIdentity=
2026-05-08 19:44:24 INFO main - readOnlyCommitLogStorePaths=
2026-05-08 19:44:24 INFO main - mappedFileSizeCommitLog=1073741824
2026-05-08 19:44:24 INFO main - compactionMappedFileSize=104857600
2026-05-08 19:44:24 INFO main - compactionCqMappedFileSize=10485760
2026-05-08 19:44:24 INFO main - compactionScheduleInternal=900000
2026-05-08 19:44:24 INFO main - maxOffsetMapSize=104857600
2026-05-08 19:44:24 INFO main - compactionThreadNum=6
2026-05-08 19:44:24 INFO main - enableCompaction=true
2026-05-08 19:44:24 INFO main - mappedFileSizeTimerLog=104857600
2026-05-08 19:44:24 INFO main - timerPrecisionMs=1000
2026-05-08 19:44:24 INFO main - timerRollWindowSlot=172800
2026-05-08 19:44:24 INFO main - timerFlushIntervalMs=1000
2026-05-08 19:44:24 INFO main - timerGetMessageThreadNum=3
2026-05-08 19:44:24 INFO main - timerPutMessageThreadNum=3
2026-05-08 19:44:24 INFO main - timerEnableDisruptor=false
2026-05-08 19:44:24 INFO main - timerEnableCheckMetrics=true
2026-05-08 19:44:24 INFO main - timerInterceptDelayLevel=false
2026-05-08 19:44:24 INFO main - timerMaxDelaySec=259200
2026-05-08 19:44:24 INFO main - timerWheelEnable=true
2026-05-08 19:44:24 INFO main - disappearTimeAfterStart=-1
2026-05-08 19:44:24 INFO main - timerStopEnqueue=false
2026-05-08 19:44:24 INFO main - timerCheckMetricsWhen=05
2026-05-08 19:44:24 INFO main - timerSkipUnknownError=false
2026-05-08 19:44:24 INFO main - timerWarmEnable=false
2026-05-08 19:44:24 INFO main - timerStopDequeue=false
2026-05-08 19:44:24 INFO main - timerCongestNumEachSlot=2147483647
2026-05-08 19:44:24 INFO main - timerMetricSmallThreshold=1000000
2026-05-08 19:44:24 INFO main - timerProgressLogIntervalMs=10000
2026-05-08 19:44:24 INFO main - storeType=default
2026-05-08 19:44:24 INFO main - transferMetadataJsonToRocksdb=false
2026-05-08 19:44:24 INFO main - mappedFileSizeConsumeQueue=6000000
2026-05-08 19:44:24 INFO main - enableConsumeQueueExt=false
2026-05-08 19:44:24 INFO main - mappedFileSizeConsumeQueueExt=50331648
2026-05-08 19:44:24 INFO main - mapperFileSizeBatchConsumeQueue=13800000
2026-05-08 19:44:24 INFO main - bitMapLengthConsumeQueueExt=64
2026-05-08 19:44:24 INFO main - flushIntervalCommitLog=500
2026-05-08 19:44:24 INFO main - commitIntervalCommitLog=200
2026-05-08 19:44:24 INFO main - maxRecoveryCommitlogFiles=30
2026-05-08 19:44:24 INFO main - diskSpaceWarningLevelRatio=90
2026-05-08 19:44:24 INFO main - diskSpaceCleanForciblyRatio=85
2026-05-08 19:44:24 INFO main - useReentrantLockWhenPutMessage=true
2026-05-08 19:44:24 INFO main - flushCommitLogTimed=true
2026-05-08 19:44:24 INFO main - flushIntervalConsumeQueue=1000
2026-05-08 19:44:24 INFO main - cleanResourceInterval=10000
2026-05-08 19:44:24 INFO main - deleteCommitLogFilesInterval=100
2026-05-08 19:44:24 INFO main - deleteConsumeQueueFilesInterval=100
2026-05-08 19:44:24 INFO main - destroyMapedFileIntervalForcibly=120000
2026-05-08 19:44:24 INFO main - redeleteHangedFileInterval=120000
2026-05-08 19:44:24 INFO main - deleteWhen=04
2026-05-08 19:44:24 INFO main - diskMaxUsedSpaceRatio=75
2026-05-08 19:44:24 INFO main - fileReservedTime=48
2026-05-08 19:44:24 INFO main - deleteFileBatchMax=10
2026-05-08 19:44:24 INFO main - putMsgIndexHightWater=600000
2026-05-08 19:44:24 INFO main - maxMessageSize=4194304
2026-05-08 19:44:24 INFO main - maxFilterMessageSize=16000
2026-05-08 19:44:24 INFO main - checkCRCOnRecover=true
2026-05-08 19:44:24 INFO main - flushCommitLogLeastPages=4
2026-05-08 19:44:24 INFO main - commitCommitLogLeastPages=4
2026-05-08 19:44:24 INFO main - flushLeastPagesWhenWarmMapedFile=4096
2026-05-08 19:44:24 INFO main - flushConsumeQueueLeastPages=2
2026-05-08 19:44:24 INFO main - flushCommitLogThoroughInterval=10000
2026-05-08 19:44:24 INFO main - commitCommitLogThoroughInterval=200
2026-05-08 19:44:24 INFO main - flushConsumeQueueThoroughInterval=60000
2026-05-08 19:44:24 INFO main - maxTransferBytesOnMessageInMemory=262144
2026-05-08 19:44:24 INFO main - maxTransferCountOnMessageInMemory=32
2026-05-08 19:44:24 INFO main - maxTransferBytesOnMessageInDisk=65536
2026-05-08 19:44:24 INFO main - maxTransferCountOnMessageInDisk=8
2026-05-08 19:44:24 INFO main - accessMessageInMemoryMaxRatio=40
2026-05-08 19:44:24 INFO main - messageIndexEnable=true
2026-05-08 19:44:24 INFO main - maxHashSlotNum=5000000
2026-05-08 19:44:24 INFO main - maxIndexNum=20000000
2026-05-08 19:44:24 INFO main - maxMsgsNumBatch=64
2026-05-08 19:44:24 INFO main - messageIndexSafe=false
2026-05-08 19:44:24 INFO main - haListenPort=10912
2026-05-08 19:44:24 INFO main - haSendHeartbeatInterval=5000
2026-05-08 19:44:24 INFO main - haHousekeepingInterval=20000
2026-05-08 19:44:24 INFO main - haTransferBatchSize=32768
2026-05-08 19:44:24 INFO main - haMasterAddress=
2026-05-08 19:44:24 INFO main - haMaxGapNotInSync=268435456
2026-05-08 19:44:24 INFO main - brokerRole=ASYNC_MASTER
2026-05-08 19:44:24 INFO main - flushDiskType=ASYNC_FLUSH
2026-05-08 19:44:24 INFO main - syncFlushTimeout=5000
2026-05-08 19:44:24 INFO main - putMessageTimeout=8000
2026-05-08 19:44:24 INFO main - slaveTimeout=3000
2026-05-08 19:44:24 INFO main - messageDelayLevel=1s 5s 10s 30s 1m 2m 3m 4m 5m 6m 7m 8m 9m 10m 20m 30m 1h 2h
2026-05-08 19:44:24 INFO main - flushDelayOffsetInterval=10000
2026-05-08 19:44:24 INFO main - cleanFileForciblyEnable=true
2026-05-08 19:44:24 INFO main - warmMapedFileEnable=false
2026-05-08 19:44:24 INFO main - offsetCheckInSlave=false
2026-05-08 19:44:24 INFO main - debugLockEnable=false
2026-05-08 19:44:24 INFO main - duplicationEnable=false
2026-05-08 19:44:24 INFO main - diskFallRecorded=true
2026-05-08 19:44:24 INFO main - osPageCacheBusyTimeOutMills=1000
2026-05-08 19:44:24 INFO main - defaultQueryMaxNum=32
2026-05-08 19:44:24 INFO main - transientStorePoolEnable=false
2026-05-08 19:44:24 INFO main - transientStorePoolSize=5
2026-05-08 19:44:24 INFO main - fastFailIfNoBufferInStorePool=false
2026-05-08 19:44:24 INFO main - enableDLegerCommitLog=false
2026-05-08 19:44:24 INFO main - dLegerGroup=
2026-05-08 19:44:24 INFO main - dLegerPeers=
2026-05-08 19:44:24 INFO main - dLegerSelfId=
2026-05-08 19:44:24 INFO main - preferredLeaderId=
2026-05-08 19:44:24 INFO main - enableBatchPush=false
2026-05-08 19:44:24 INFO main - enableScheduleMessageStats=true
2026-05-08 19:44:24 INFO main - enableLmq=false
2026-05-08 19:44:24 INFO main - enableMultiDispatch=false
2026-05-08 19:44:24 INFO main - maxLmqConsumeQueueNum=20000
2026-05-08 19:44:24 INFO main - enableScheduleAsyncDeliver=false
2026-05-08 19:44:24 INFO main - scheduleAsyncDeliverMaxPendingLimit=2000
2026-05-08 19:44:24 INFO main - scheduleAsyncDeliverMaxResendNum2Blocked=3
2026-05-08 19:44:24 INFO main - maxBatchDeleteFilesNum=50
2026-05-08 19:44:24 INFO main - dispatchCqThreads=10
2026-05-08 19:44:24 INFO main - dispatchCqCacheNum=4096
2026-05-08 19:44:24 INFO main - enableAsyncReput=true
2026-05-08 19:44:24 INFO main - recheckReputOffsetFromCq=false
2026-05-08 19:44:24 INFO main - maxTopicLength=127
2026-05-08 19:44:24 INFO main - autoMessageVersionOnTopicLen=true
2026-05-08 19:44:24 INFO main - enabledAppendPropCRC=false
2026-05-08 19:44:24 INFO main - forceVerifyPropCRC=false
2026-05-08 19:44:24 INFO main - travelCqFileNumWhenGetMessage=1
2026-05-08 19:44:24 INFO main - correctLogicMinOffsetSleepInterval=1
2026-05-08 19:44:24 INFO main - correctLogicMinOffsetForceInterval=300000
2026-05-08 19:44:24 INFO main - mappedFileSwapEnable=true
2026-05-08 19:44:24 INFO main - commitLogForceSwapMapInterval=43200000
2026-05-08 19:44:24 INFO main - commitLogSwapMapInterval=3600000
2026-05-08 19:44:24 INFO main - commitLogSwapMapReserveFileNum=100
2026-05-08 19:44:24 INFO main - logicQueueForceSwapMapInterval=43200000
2026-05-08 19:44:24 INFO main - logicQueueSwapMapInterval=3600000
2026-05-08 19:44:24 INFO main - cleanSwapedMapInterval=300000
2026-05-08 19:44:24 INFO main - logicQueueSwapMapReserveFileNum=20
2026-05-08 19:44:24 INFO main - searchBcqByCacheEnable=true
2026-05-08 19:44:24 INFO main - dispatchFromSenderThread=false
2026-05-08 19:44:24 INFO main - wakeCommitWhenPutMessage=true
2026-05-08 19:44:24 INFO main - wakeFlushWhenPutMessage=false
2026-05-08 19:44:24 INFO main - enableCleanExpiredOffset=false
2026-05-08 19:44:24 INFO main - maxAsyncPutMessageRequests=5000
2026-05-08 19:44:24 INFO main - pullBatchMaxMessageCount=160
2026-05-08 19:44:24 INFO main - totalReplicas=1
2026-05-08 19:44:24 INFO main - inSyncReplicas=1
2026-05-08 19:44:24 INFO main - minInSyncReplicas=1
2026-05-08 19:44:24 INFO main - allAckInSyncStateSet=false
2026-05-08 19:44:24 INFO main - enableAutoInSyncReplicas=false
2026-05-08 19:44:24 INFO main - haFlowControlEnable=false
2026-05-08 19:44:24 INFO main - maxHaTransferByteInSecond=104857600
2026-05-08 19:44:24 INFO main - haMaxTimeSlaveNotCatchup=15000
2026-05-08 19:44:24 INFO main - syncMasterFlushOffsetWhenStartup=false
2026-05-08 19:44:24 INFO main - maxChecksumRange=1073741824
2026-05-08 19:44:24 INFO main - replicasPerDiskPartition=1
2026-05-08 19:44:24 INFO main - logicalDiskSpaceCleanForciblyThreshold=0.8
2026-05-08 19:44:24 INFO main - maxSlaveResendLength=268435456
2026-05-08 19:44:24 INFO main - syncFromLastFile=false
2026-05-08 19:44:24 INFO main - asyncLearner=false
2026-05-08 19:44:24 INFO main - maxConsumeQueueScan=20000
2026-05-08 19:44:24 INFO main - sampleCountThreshold=5000
2026-05-08 19:44:24 INFO main - coldDataFlowControlEnable=false
2026-05-08 19:44:24 INFO main - coldDataScanEnable=false
2026-05-08 19:44:24 INFO main - dataReadAheadEnable=true
2026-05-08 19:44:24 INFO main - timerColdDataCheckIntervalMs=60000
2026-05-08 19:44:24 INFO main - sampleSteps=32
2026-05-08 19:44:24 INFO main - accessMessageInMemoryHotRatio=26
2026-05-08 19:44:24 INFO main - enableBuildConsumeQueueConcurrently=false
2026-05-08 19:44:24 INFO main - batchDispatchRequestThreadPoolNums=16
2026-05-08 19:44:24 INFO main - cleanRocksDBDirtyCQIntervalMin=60
2026-05-08 19:44:24 INFO main - statRocksDBCQIntervalSec=10
2026-05-08 19:44:24 INFO main - memTableFlushIntervalMs=3600000
2026-05-08 19:44:24 INFO main - realTimePersistRocksDBConfig=true
2026-05-08 19:44:24 INFO main - enableRocksDBLog=false
2026-05-08 19:44:24 INFO main - topicQueueLockNum=32
2026-05-08 19:44:24 INFO main - readUnCommitted=false
2026-05-08 19:44:24 INFO main - putConsumeQueueDataByFileChannel=true
2026-05-08 19:44:24 INFO main - transferOffsetJsonToRocksdb=false
2026-05-08 19:44:24 INFO main - rocksdbCQDoubleWriteEnable=false
2026-05-08 19:44:24 INFO main - batchWriteKvCqSize=16
2026-05-08 19:44:24 INFO main - Replace, key: listenPort, value: 6888 -> 10911
2026-05-08 19:44:24 INFO main - Looking for a resource file of name [META-INF/service/org.apache.rocketmq.store.ha.HAService] ...
2026-05-08 19:44:24 WARN main - No resource file with name [META-INF/service/org.apache.rocketmq.store.ha.HAService] found.
2026-05-08 19:44:25 INFO main - Set user specified name server address: namesrv:9876
2026-05-08 19:44:25 INFO main - Looking for a resource file of name [META-INF/service/org.apache.rocketmq.broker.transaction.TransactionalMessageService] ...
2026-05-08 19:44:25 WARN main - No resource file with name [META-INF/service/org.apache.rocketmq.broker.transaction.TransactionalMessageService] found.
2026-05-08 19:44:25 INFO main - Try to start service thread:TransactionalOpBatchService started:false lastThread:null
2026-05-08 19:44:25 INFO main - Start service thread:TransactionalOpBatchService started:true lastThread:Thread[TransactionalOpBatchService,5,main]
2026-05-08 19:44:25 WARN main - Load default transaction message hook service: TransactionalMessageServiceImpl
2026-05-08 19:44:25 INFO main - Looking for a resource file of name [META-INF/service/org.apache.rocketmq.broker.transaction.AbstractTransactionalMessageCheckListener] ...
2026-05-08 19:44:25 WARN main - No resource file with name [META-INF/service/org.apache.rocketmq.broker.transaction.AbstractTransactionalMessageCheckListener] found.
2026-05-08 19:44:25 WARN main - Load default discard message hook service: DefaultTransactionalMessageCheckListener
2026-05-08 19:44:25 INFO main - Try to start service thread:TransactionFlushService started:false lastThread:null
2026-05-08 19:44:25 INFO main - Start service thread:TransactionFlushService started:true lastThread:Thread[TransactionFlushService,5,main]
2026-05-08 19:44:25 INFO main - The broker dose not enable acl
2026-05-08 19:44:25 INFO main - Looking for a resource file of name [META-INF/service/org.apache.rocketmq.remoting.RPCHook] ...
2026-05-08 19:44:25 WARN main - No resource file with name [META-INF/service/org.apache.rocketmq.remoting.RPCHook] found.
2026-05-08 19:44:25 INFO main - Looking for a resource file of name [META-INF/service/org.apache.rocketmq.acl.AccessValidator] ...
2026-05-08 19:44:25 WARN main - No resource file with name [META-INF/service/org.apache.rocketmq.acl.AccessValidator] found.
2026-05-08 19:44:25 INFO main - The default acl dir /home/rocketmq/rocketmq-5.3.1/conf/acl is not exist
2026-05-08 19:44:25 INFO main - Broker plain acl conf data is : org.apache.rocketmq.acl.plain.PlainAccessData@76fdd597
2026-05-08 19:44:25 INFO main - The default acl dir /home/rocketmq/rocketmq-5.3.1/conf/acl is not exist
2026-05-08 19:44:25 INFO main - Try to start service thread:AclFileWatchService started:false lastThread:null
2026-05-08 19:44:25 INFO main - Start service thread:AclFileWatchService started:true lastThread:Thread[AclFileWatchService,5,main]
2026-05-08 19:44:25 INFO main - Succeed to start AclFileWatchService
2026-05-08 19:44:25 INFO AclFileWatchService - AclFileWatchService service started
2026-05-08 19:44:25 INFO main - Try to start service thread:NettyEventExecutor started:false lastThread:null
2026-05-08 19:44:25 INFO main - Start service thread:NettyEventExecutor started:true lastThread:Thread[NettyEventExecutor,5,main]
2026-05-08 19:44:25 INFO main - Try to start service thread:AllocateMappedFileService started:false lastThread:null
2026-05-08 19:44:25 INFO main - Start service thread:AllocateMappedFileService started:true lastThread:Thread[AllocateMappedFileService,5,main]
2026-05-08 19:44:25 INFO main - Try to start service thread:ReputMessageService started:false lastThread:null
2026-05-08 19:44:25 INFO main - Start service thread:ReputMessageService started:true lastThread:Thread[ReputMessageService,5,main]
2026-05-08 19:44:25 INFO main - Try to start service thread:FlushConsumeQueueService started:false lastThread:null
2026-05-08 19:44:25 INFO main - Start service thread:FlushConsumeQueueService started:true lastThread:Thread[FlushConsumeQueueService,5,main]
2026-05-08 19:44:25 INFO main - Try to start service thread:FlushRealTimeService started:false lastThread:null
2026-05-08 19:44:25 INFO main - Start service thread:FlushRealTimeService started:true lastThread:Thread[FlushRealTimeService,5,main]
2026-05-08 19:44:25 INFO main - Try to start service thread:FlushDiskWatcher started:false lastThread:null
2026-05-08 19:44:25 INFO main - Start service thread:FlushDiskWatcher started:true lastThread:Thread[FlushDiskWatcher,5,main]
2026-05-08 19:44:25 INFO main - Try to start service thread:ColdDataCheckService started:false lastThread:null
2026-05-08 19:44:25 INFO main - Start service thread:ColdDataCheckService started:true lastThread:Thread[ColdDataCheckService,5,main]
2026-05-08 19:44:25 INFO main - Try to start service thread:StoreStatsService started:false lastThread:null
2026-05-08 19:44:25 INFO main - Start service thread:StoreStatsService started:true lastThread:Thread[StoreStatsService,5,main]
2026-05-08 19:44:25 INFO main - Try to start service thread:DefaultAcceptSocketService started:false lastThread:null
2026-05-08 19:44:25 INFO main - Start service thread:DefaultAcceptSocketService started:true lastThread:Thread[DefaultAcceptSocketService,5,main]
2026-05-08 19:44:25 INFO main - Try to start service thread:GroupTransferService started:false lastThread:null
2026-05-08 19:44:25 INFO main - Start service thread:GroupTransferService started:true lastThread:Thread[GroupTransferService,5,main]
2026-05-08 19:44:25 INFO main - Try to start service thread:HAConnectionStateNotificationService started:false lastThread:null
2026-05-08 19:44:25 INFO main - Start service thread:HAConnectionStateNotificationService started:true lastThread:Thread[HAConnectionStateNotificationService,5,main]
2026-05-08 19:44:25 INFO main - Try to start service thread:org.apache.rocketmq.store.util.PerfCounter$Ticks started:false lastThread:null
2026-05-08 19:44:25 INFO main - Start service thread:org.apache.rocketmq.store.util.PerfCounter$Ticks started:true lastThread:Thread[org.apache.rocketmq.store.util.PerfCounter$Ticks,5,main]
2026-05-08 19:44:25 INFO main - Try to start service thread:TimerEnqueueGetService started:false lastThread:null
2026-05-08 19:44:25 INFO main - Start service thread:TimerEnqueueGetService started:true lastThread:Thread[TimerEnqueueGetService,5,main]
2026-05-08 19:44:25 INFO main - Try to start service thread:TimerEnqueuePutService started:false lastThread:null
2026-05-08 19:44:25 INFO main - Start service thread:TimerEnqueuePutService started:true lastThread:Thread[TimerEnqueuePutService,5,main]
2026-05-08 19:44:25 INFO main - Try to start service thread:TimerDequeueWarmService started:false lastThread:null
2026-05-08 19:44:25 INFO main - Start service thread:TimerDequeueWarmService started:true lastThread:Thread[TimerDequeueWarmService,5,main]
2026-05-08 19:44:25 INFO main - Try to start service thread:TimerDequeueGetService started:false lastThread:null
2026-05-08 19:44:25 INFO main - Start service thread:TimerDequeueGetService started:true lastThread:Thread[TimerDequeueGetService,5,main]
2026-05-08 19:44:25 INFO main - Try to start service thread:TimerDequeueGetMessageService started:false lastThread:null
2026-05-08 19:44:25 INFO main - Start service thread:TimerDequeueGetMessageService started:true lastThread:Thread[TimerDequeueGetMessageService,5,main]
2026-05-08 19:44:25 INFO main - Try to start service thread:TimerDequeueGetMessageService started:false lastThread:null
2026-05-08 19:44:25 INFO main - Start service thread:TimerDequeueGetMessageService started:true lastThread:Thread[TimerDequeueGetMessageService,5,main]
2026-05-08 19:44:25 INFO main - Try to start service thread:TimerDequeueGetMessageService started:false lastThread:null
2026-05-08 19:44:25 INFO main - Start service thread:TimerDequeueGetMessageService started:true lastThread:Thread[TimerDequeueGetMessageService,5,main]
2026-05-08 19:44:25 INFO main - Try to start service thread:TimerDequeuePutMessageService started:false lastThread:null
2026-05-08 19:44:25 INFO main - Start service thread:TimerDequeuePutMessageService started:true lastThread:Thread[TimerDequeuePutMessageService,5,main]
2026-05-08 19:44:25 INFO main - Try to start service thread:TimerDequeuePutMessageService started:false lastThread:null
2026-05-08 19:44:25 INFO main - Start service thread:TimerDequeuePutMessageService started:true lastThread:Thread[TimerDequeuePutMessageService,5,main]
2026-05-08 19:44:25 INFO main - Try to start service thread:TimerDequeuePutMessageService started:false lastThread:null
2026-05-08 19:44:25 INFO main - Start service thread:TimerDequeuePutMessageService started:true lastThread:Thread[TimerDequeuePutMessageService,5,main]
2026-05-08 19:44:25 INFO main - Try to start service thread:TimerFlushService started:false lastThread:null
2026-05-08 19:44:25 INFO main - Start service thread:TimerFlushService started:true lastThread:Thread[TimerFlushService,5,main]
2026-05-08 19:44:25 INFO main - Try to start service thread:NettyEventExecutor started:false lastThread:null
2026-05-08 19:44:25 INFO main - Start service thread:NettyEventExecutor started:true lastThread:Thread[NettyEventExecutor,5,main]
2026-05-08 19:44:25 INFO main - Try to start service thread:NettyEventExecutor started:false lastThread:null
2026-05-08 19:44:25 INFO main - Start service thread:NettyEventExecutor started:true lastThread:Thread[NettyEventExecutor,5,main]
2026-05-08 19:44:25 INFO main - Try to start service thread:PopLongPollingService started:false lastThread:null
2026-05-08 19:44:25 INFO main - Start service thread:PopLongPollingService started:true lastThread:Thread[PopLongPollingService,5,main]
2026-05-08 19:44:25 INFO main - Try to start service thread:PopBufferMergeService started:false lastThread:null
2026-05-08 19:44:25 INFO main - Start service thread:PopBufferMergeService started:true lastThread:Thread[PopBufferMergeService,5,main]
2026-05-08 19:44:25 INFO main - Try to start service thread:QueueLockManager started:false lastThread:null
2026-05-08 19:44:25 INFO main - Start service thread:QueueLockManager started:true lastThread:Thread[QueueLockManager,5,main]
2026-05-08 19:44:25 INFO main - Try to start service thread:PopReviveService_0 started:false lastThread:null
2026-05-08 19:44:25 INFO main - Start service thread:PopReviveService_0 started:true lastThread:Thread[PopReviveService_0,5,main]
2026-05-08 19:44:25 INFO main - Try to start service thread:PopReviveService_1 started:false lastThread:null
2026-05-08 19:44:25 INFO main - Start service thread:PopReviveService_1 started:true lastThread:Thread[PopReviveService_1,5,main]
2026-05-08 19:44:25 INFO main - Try to start service thread:PopReviveService_2 started:false lastThread:null
2026-05-08 19:44:25 INFO main - Start service thread:PopReviveService_2 started:true lastThread:Thread[PopReviveService_2,5,main]
2026-05-08 19:44:25 INFO main - Try to start service thread:PopReviveService_3 started:false lastThread:null
2026-05-08 19:44:25 INFO main - Start service thread:PopReviveService_3 started:true lastThread:Thread[PopReviveService_3,5,main]
2026-05-08 19:44:25 INFO main - Try to start service thread:PopReviveService_4 started:false lastThread:null
2026-05-08 19:44:25 INFO main - Start service thread:PopReviveService_4 started:true lastThread:Thread[PopReviveService_4,5,main]
2026-05-08 19:44:25 INFO main - Try to start service thread:PopReviveService_5 started:false lastThread:null
2026-05-08 19:44:25 INFO main - Start service thread:PopReviveService_5 started:true lastThread:Thread[PopReviveService_5,5,main]
2026-05-08 19:44:25 INFO main - Try to start service thread:PopReviveService_6 started:false lastThread:null
2026-05-08 19:44:25 INFO main - Start service thread:PopReviveService_6 started:true lastThread:Thread[PopReviveService_6,5,main]
2026-05-08 19:44:25 INFO main - Try to start service thread:PopReviveService_7 started:false lastThread:null
2026-05-08 19:44:25 INFO main - Start service thread:PopReviveService_7 started:true lastThread:Thread[PopReviveService_7,5,main]
2026-05-08 19:44:25 INFO main - Try to start service thread:PopLongPollingService started:false lastThread:null
2026-05-08 19:44:25 INFO main - Start service thread:PopLongPollingService started:true lastThread:Thread[PopLongPollingService,5,main]
2026-05-08 19:44:25 INFO main - Try to start service thread:TopicQueueMappingCleanService started:false lastThread:null
2026-05-08 19:44:25 INFO main - Start service thread:TopicQueueMappingCleanService started:true lastThread:Thread[TopicQueueMappingCleanService,5,main]
2026-05-08 19:44:25 INFO main - Try to start service thread:FileWatchService started:false lastThread:null
2026-05-08 19:44:25 INFO main - Start service thread:FileWatchService started:true lastThread:Thread[FileWatchService,5,main]
2026-05-08 19:44:25 INFO TopicQueueMappingCleanService - Start topic queue mapping clean service thread!
2026-05-08 19:44:25 INFO main - Try to start service thread:PullRequestHoldService started:false lastThread:null
2026-05-08 19:44:25 INFO FileWatchService - FileWatchService service started
2026-05-08 19:44:25 INFO main - Start service thread:PullRequestHoldService started:true lastThread:Thread[PullRequestHoldService,5,main]
2026-05-08 19:44:25 INFO PullRequestHoldService - PullRequestHoldService service started
2026-05-08 19:44:25 INFO main - Try to start service thread:BroadcastOffsetManager started:false lastThread:null
2026-05-08 19:44:25 INFO main - Start service thread:BroadcastOffsetManager started:true lastThread:Thread[BroadcastOffsetManager,5,main]
2026-05-08 19:44:25 INFO main - Try to start service thread:ColdDataPullRequestHoldService started:false lastThread:null
2026-05-08 19:44:25 INFO main - Start service thread:ColdDataPullRequestHoldService started:true lastThread:Thread[ColdDataPullRequestHoldService,5,main]
2026-05-08 19:44:25 INFO main - Try to start service thread:ColdDataCgCtrService started:false lastThread:null
2026-05-08 19:44:25 INFO main - Start service thread:ColdDataCgCtrService started:true lastThread:Thread[ColdDataCgCtrService,5,main]
2026-05-08 19:44:25 INFO main - ScheduleServiceStatus changed to true
2026-05-08 19:44:25 INFO main - TransactionCheckService status changed to true
2026-05-08 19:44:25 INFO main - Try to start service thread:TransactionalMessageCheckService started:false lastThread:null
2026-05-08 19:44:25 INFO main - Start service thread:TransactionalMessageCheckService started:true lastThread:Thread[TransactionalMessageCheckService,5,main]
2026-05-08 19:44:25 INFO main - Set PopReviveService Status to true
2026-05-08 19:44:25 INFO main - Try to start service thread:NettyEventExecutor started:false lastThread:null
2026-05-08 19:44:25 INFO main - Start service thread:NettyEventExecutor started:true lastThread:Thread[NettyEventExecutor,5,main]
2026-05-08 19:44:25 INFO main - Try to start service thread:GrpcClientSettingsManagerCleaner started:false lastThread:null
2026-05-08 19:44:25 INFO main - Start service thread:GrpcClientSettingsManagerCleaner started:true lastThread:Thread[GrpcClientSettingsManagerCleaner,5,main]
2026-05-08 19:44:25 INFO main - Try to start service thread:NettyEventExecutor started:false lastThread:null
2026-05-08 19:44:25 INFO main - Start service thread:NettyEventExecutor started:true lastThread:Thread[NettyEventExecutor,5,main]
2026-05-08 19:44:30 INFO AclFileWatchService - The default acl dir /home/rocketmq/rocketmq-5.3.1/conf/acl is not exist
2026-05-08 19:44:35 INFO BrokerControllerScheduledThread1 - Dispatch task fall behind commit log 0bytes
2026-05-08 19:44:35 INFO AclFileWatchService - The default acl dir /home/rocketmq/rocketmq-5.3.1/conf/acl is not exist
2026-05-08 19:44:35 INFO brokerOutApi_thread_1 - Registering current broker to name server completed. TargetHost=namesrv:9876
2026-05-08 19:44:40 INFO AclFileWatchService - The default acl dir /home/rocketmq/rocketmq-5.3.1/conf/acl is not exist
2026-05-08 19:44:45 INFO AclFileWatchService - The default acl dir /home/rocketmq/rocketmq-5.3.1/conf/acl is not exist
2026-05-08 19:44:50 INFO AclFileWatchService - The default acl dir /home/rocketmq/rocketmq-5.3.1/conf/acl is not exist
2026-05-08 19:44:55 INFO AclFileWatchService - The default acl dir /home/rocketmq/rocketmq-5.3.1/conf/acl is not exist
2026-05-08 19:45:00 INFO AclFileWatchService - The default acl dir /home/rocketmq/rocketmq-5.3.1/conf/acl is not exist
2026-05-08 19:45:05 INFO AclFileWatchService - The default acl dir /home/rocketmq/rocketmq-5.3.1/conf/acl is not exist
2026-05-08 19:45:05 INFO brokerOutApi_thread_2 - Registering current broker to name server completed. TargetHost=namesrv:9876
2026-05-08 19:45:10 INFO AclFileWatchService - The default acl dir /home/rocketmq/rocketmq-5.3.1/conf/acl is not exist
2026-05-08 19:45:15 INFO AclFileWatchService - The default acl dir /home/rocketmq/rocketmq-5.3.1/conf/acl is not exist
2026-05-08 19:45:20 INFO AclFileWatchService - The default acl dir /home/rocketmq/rocketmq-5.3.1/conf/acl is not exist
2026-05-08 19:45:25 INFO AclFileWatchService - The default acl dir /home/rocketmq/rocketmq-5.3.1/conf/acl is not exist
2026-05-08 19:45:30 INFO AclFileWatchService - The default acl dir /home/rocketmq/rocketmq-5.3.1/conf/acl is not exist
2026-05-08 19:45:35 INFO BrokerControllerScheduledThread1 - Dispatch task fall behind commit log 0bytes
2026-05-08 19:45:35 INFO AclFileWatchService - The default acl dir /home/rocketmq/rocketmq-5.3.1/conf/acl is not exist
2026-05-08 19:45:35 INFO brokerOutApi_thread_3 - Registering current broker to name server completed. TargetHost=namesrv:9876
2026-05-08 19:45:40 INFO AclFileWatchService - The default acl dir /home/rocketmq/rocketmq-5.3.1/conf/acl is not exist
2026-05-08 19:45:45 INFO AclFileWatchService - The default acl dir /home/rocketmq/rocketmq-5.3.1/conf/acl is not exist
2026-05-08 19:45:50 INFO AclFileWatchService - The default acl dir /home/rocketmq/rocketmq-5.3.1/conf/acl is not exist
2026-05-08 19:45:55 INFO AclFileWatchService - The default acl dir /home/rocketmq/rocketmq-5.3.1/conf/acl is not exist
2026-05-08 19:46:00 INFO AclFileWatchService - The default acl dir /home/rocketmq/rocketmq-5.3.1/conf/acl is not exist
2026-05-08 19:46:05 INFO AclFileWatchService - The default acl dir /home/rocketmq/rocketmq-5.3.1/conf/acl is not exist
2026-05-08 19:46:05 INFO brokerOutApi_thread_4 - Registering current broker to name server completed. TargetHost=namesrv:9876
2026-05-08 19:46:10 INFO AclFileWatchService - The default acl dir /home/rocketmq/rocketmq-5.3.1/conf/acl is not exist
2026-05-08 19:46:15 INFO AclFileWatchService - The default acl dir /home/rocketmq/rocketmq-5.3.1/conf/acl is not exist
2026-05-08 19:46:20 INFO AclFileWatchService - The default acl dir /home/rocketmq/rocketmq-5.3.1/conf/acl is not exist
2026-05-08 19:46:25 INFO AclFileWatchService - The default acl dir /home/rocketmq/rocketmq-5.3.1/conf/acl is not exist
2026-05-08 19:46:30 INFO AclFileWatchService - The default acl dir /home/rocketmq/rocketmq-5.3.1/conf/acl is not exist
2026-05-08 19:46:35 INFO BrokerControllerScheduledThread1 - Dispatch task fall behind commit log 0bytes
2026-05-08 19:46:35 INFO AclFileWatchService - The default acl dir /home/rocketmq/rocketmq-5.3.1/conf/acl is not exist
2026-05-08 19:46:35 INFO brokerOutApi_thread_1 - Registering current broker to name server completed. TargetHost=namesrv:9876
2026-05-08 19:46:40 INFO AclFileWatchService - The default acl dir /home/rocketmq/rocketmq-5.3.1/conf/acl is not exist
2026-05-08 19:46:45 INFO AclFileWatchService - The default acl dir /home/rocketmq/rocketmq-5.3.1/conf/acl is not exist
2026-05-08 19:46:50 INFO AclFileWatchService - The default acl dir /home/rocketmq/rocketmq-5.3.1/conf/acl is not exist
2026-05-08 19:46:55 INFO AclFileWatchService - The default acl dir /home/rocketmq/rocketmq-5.3.1/conf/acl is not exist
2026-05-08 19:47:00 INFO AclFileWatchService - The default acl dir /home/rocketmq/rocketmq-5.3.1/conf/acl is not exist
2026-05-08 19:47:05 INFO AclFileWatchService - The default acl dir /home/rocketmq/rocketmq-5.3.1/conf/acl is not exist
2026-05-08 19:47:05 INFO brokerOutApi_thread_2 - Registering current broker to name server completed. TargetHost=namesrv:9876
2026-05-08 19:47:10 INFO AclFileWatchService - The default acl dir /home/rocketmq/rocketmq-5.3.1/conf/acl is not exist
2026-05-08 19:47:15 INFO AclFileWatchService - The default acl dir /home/rocketmq/rocketmq-5.3.1/conf/acl is not exist
2026-05-08 19:47:20 INFO AclFileWatchService - The default acl dir /home/rocketmq/rocketmq-5.3.1/conf/acl is not exist
2026-05-08 19:47:25 INFO AclFileWatchService - The default acl dir /home/rocketmq/rocketmq-5.3.1/conf/acl is not exist
2026-05-08 19:47:30 INFO AclFileWatchService - The default acl dir /home/rocketmq/rocketmq-5.3.1/conf/acl is not exist
2026-05-08 19:47:35 INFO BrokerControllerScheduledThread1 - Dispatch task fall behind commit log 0bytes
2026-05-08 19:47:35 INFO AclFileWatchService - The default acl dir /home/rocketmq/rocketmq-5.3.1/conf/acl is not exist
2026-05-08 19:47:35 INFO brokerOutApi_thread_3 - Registering current broker to name server completed. TargetHost=namesrv:9876
2026-05-08 19:47:40 INFO AclFileWatchService - The default acl dir /home/rocketmq/rocketmq-5.3.1/conf/acl is not exist
2026-05-08 19:47:45 INFO AclFileWatchService - The default acl dir /home/rocketmq/rocketmq-5.3.1/conf/acl is not exist
2026-05-08 19:47:50 INFO AclFileWatchService - The default acl dir /home/rocketmq/rocketmq-5.3.1/conf/acl is not exist
2026-05-08 19:47:55 INFO AclFileWatchService - The default acl dir /home/rocketmq/rocketmq-5.3.1/conf/acl is not exist
2026-05-08 19:48:00 INFO AclFileWatchService - The default acl dir /home/rocketmq/rocketmq-5.3.1/conf/acl is not exist
2026-05-08 19:48:05 INFO AclFileWatchService - The default acl dir /home/rocketmq/rocketmq-5.3.1/conf/acl is not exist
2026-05-08 19:48:05 INFO brokerOutApi_thread_4 - Registering current broker to name server completed. TargetHost=namesrv:9876
2026-05-08 19:48:10 INFO AclFileWatchService - The default acl dir /home/rocketmq/rocketmq-5.3.1/conf/acl is not exist
2026-05-08 19:48:15 INFO AclFileWatchService - The default acl dir /home/rocketmq/rocketmq-5.3.1/conf/acl is not exist
2026-05-08 19:48:20 INFO AclFileWatchService - The default acl dir /home/rocketmq/rocketmq-5.3.1/conf/acl is not exist
2026-05-08 19:48:25 INFO AclFileWatchService - The default acl dir /home/rocketmq/rocketmq-5.3.1/conf/acl is not exist
2026-05-08 19:48:30 INFO AclFileWatchService - The default acl dir /home/rocketmq/rocketmq-5.3.1/conf/acl is not exist
2026-05-08 19:48:35 INFO BrokerControllerScheduledThread1 - Dispatch task fall behind commit log 0bytes
2026-05-08 19:48:35 INFO AclFileWatchService - The default acl dir /home/rocketmq/rocketmq-5.3.1/conf/acl is not exist
2026-05-08 19:48:35 INFO brokerOutApi_thread_1 - Registering current broker to name server completed. TargetHost=namesrv:9876
2026-05-08 19:48:40 INFO AclFileWatchService - The default acl dir /home/rocketmq/rocketmq-5.3.1/conf/acl is not exist
2026-05-08 19:48:45 INFO AclFileWatchService - The default acl dir /home/rocketmq/rocketmq-5.3.1/conf/acl is not exist
2026-05-08 19:48:50 INFO AclFileWatchService - The default acl dir /home/rocketmq/rocketmq-5.3.1/conf/acl is not exist
2026-05-08 19:48:55 INFO AclFileWatchService - The default acl dir /home/rocketmq/rocketmq-5.3.1/conf/acl is not exist
2026-05-08 19:49:00 INFO AclFileWatchService - The default acl dir /home/rocketmq/rocketmq-5.3.1/conf/acl is not exist
2026-05-08 19:49:05 INFO AclFileWatchService - The default acl dir /home/rocketmq/rocketmq-5.3.1/conf/acl is not exist
2026-05-08 19:49:05 INFO brokerOutApi_thread_2 - Registering current broker to name server completed. TargetHost=namesrv:9876
2026-05-08 19:49:10 INFO AclFileWatchService - The default acl dir /home/rocketmq/rocketmq-5.3.1/conf/acl is not exist
2026-05-08 19:49:15 INFO AclFileWatchService - The default acl dir /home/rocketmq/rocketmq-5.3.1/conf/acl is not exist
2026-05-08 19:49:20 INFO AclFileWatchService - The default acl dir /home/rocketmq/rocketmq-5.3.1/conf/acl is not exist
2026-05-08 19:49:25 INFO AclFileWatchService - The default acl dir /home/rocketmq/rocketmq-5.3.1/conf/acl is not exist
2026-05-08 19:49:30 INFO AclFileWatchService - The default acl dir /home/rocketmq/rocketmq-5.3.1/conf/acl is not exist
2026-05-08 19:49:35 INFO BrokerControllerScheduledThread1 - Dispatch task fall behind commit log 0bytes
2026-05-08 19:49:35 INFO AclFileWatchService - The default acl dir /home/rocketmq/rocketmq-5.3.1/conf/acl is not exist
2026-05-08 19:49:35 INFO brokerOutApi_thread_3 - Registering current broker to name server completed. TargetHost=namesrv:9876
2026-05-08 19:49:40 INFO AclFileWatchService - The default acl dir /home/rocketmq/rocketmq-5.3.1/conf/acl is not exist
2026-05-08 19:49:45 INFO AclFileWatchService - The default acl dir /home/rocketmq/rocketmq-5.3.1/conf/acl is not exist
2026-05-08 19:49:50 INFO AclFileWatchService - The default acl dir /home/rocketmq/rocketmq-5.3.1/conf/acl is not exist
2026-05-08 19:49:55 INFO AclFileWatchService - The default acl dir /home/rocketmq/rocketmq-5.3.1/conf/acl is not exist
2026-05-08 19:50:00 INFO AclFileWatchService - The default acl dir /home/rocketmq/rocketmq-5.3.1/conf/acl is not exist
2026-05-08 19:50:05 INFO AclFileWatchService - The default acl dir /home/rocketmq/rocketmq-5.3.1/conf/acl is not exist
2026-05-08 19:50:05 INFO brokerOutApi_thread_4 - Registering current broker to name server completed. TargetHost=namesrv:9876
2026-05-08 19:50:10 INFO AclFileWatchService - The default acl dir /home/rocketmq/rocketmq-5.3.1/conf/acl is not exist
2026-05-08 19:50:15 INFO AclFileWatchService - The default acl dir /home/rocketmq/rocketmq-5.3.1/conf/acl is not exist
2026-05-08 19:50:20 INFO AclFileWatchService - The default acl dir /home/rocketmq/rocketmq-5.3.1/conf/acl is not exist
2026-05-08 19:50:25 INFO AclFileWatchService - The default acl dir /home/rocketmq/rocketmq-5.3.1/conf/acl is not exist
2026-05-08 19:50:30 INFO AclFileWatchService - The default acl dir /home/rocketmq/rocketmq-5.3.1/conf/acl is not exist
2026-05-08 19:50:35 INFO BrokerControllerScheduledThread1 - Dispatch task fall behind commit log 0bytes
2026-05-08 19:50:35 INFO AclFileWatchService - The default acl dir /home/rocketmq/rocketmq-5.3.1/conf/acl is not exist
2026-05-08 19:50:35 INFO brokerOutApi_thread_1 - Registering current broker to name server completed. TargetHost=namesrv:9876
2026-05-08 19:50:40 INFO AclFileWatchService - The default acl dir /home/rocketmq/rocketmq-5.3.1/conf/acl is not exist
2026-05-08 19:50:45 INFO AclFileWatchService - The default acl dir /home/rocketmq/rocketmq-5.3.1/conf/acl is not exist
2026-05-08 19:50:52 INFO main - brokerConfigPath=
2026-05-08 19:50:52 INFO main - rocketmqHome=/home/rocketmq/rocketmq-5.3.1
2026-05-08 19:50:52 INFO main - namesrvAddr=namesrv:9876
2026-05-08 19:50:52 INFO main - listenPort=6888
2026-05-08 19:50:52 INFO main - brokerIP1=192.168.164.3
2026-05-08 19:50:52 INFO main - brokerIP2=192.168.164.3
2026-05-08 19:50:52 INFO main - recoverConcurrently=false
2026-05-08 19:50:52 INFO main - brokerPermission=6
2026-05-08 19:50:52 INFO main - defaultTopicQueueNums=8
2026-05-08 19:50:52 INFO main - autoCreateTopicEnable=true
2026-05-08 19:50:52 INFO main - clusterTopicEnable=true
2026-05-08 19:50:52 INFO main - brokerTopicEnable=true
2026-05-08 19:50:52 INFO main - autoCreateSubscriptionGroup=true
2026-05-08 19:50:52 INFO main - messageStorePlugIn=
2026-05-08 19:50:52 INFO main - msgTraceTopicName=RMQ_SYS_TRACE_TOPIC
2026-05-08 19:50:52 INFO main - traceTopicEnable=false
2026-05-08 19:50:52 INFO main - sendMessageThreadPoolNums=4
2026-05-08 19:50:52 INFO main - putMessageFutureThreadPoolNums=4
2026-05-08 19:50:52 INFO main - pullMessageThreadPoolNums=46
2026-05-08 19:50:52 INFO main - litePullMessageThreadPoolNums=46
2026-05-08 19:50:52 INFO main - ackMessageThreadPoolNums=16
2026-05-08 19:50:52 INFO main - processReplyMessageThreadPoolNums=46
2026-05-08 19:50:52 INFO main - queryMessageThreadPoolNums=23
2026-05-08 19:50:52 INFO main - adminBrokerThreadPoolNums=16
2026-05-08 19:50:52 INFO main - clientManageThreadPoolNums=32
2026-05-08 19:50:52 INFO main - consumerManageThreadPoolNums=32
2026-05-08 19:50:52 INFO main - loadBalanceProcessorThreadPoolNums=32
2026-05-08 19:50:52 INFO main - heartbeatThreadPoolNums=15
2026-05-08 19:50:52 INFO main - recoverThreadPoolNums=32
2026-05-08 19:50:52 INFO main - endTransactionThreadPoolNums=38
2026-05-08 19:50:52 INFO main - flushConsumerOffsetInterval=5000
2026-05-08 19:50:52 INFO main - flushConsumerOffsetHistoryInterval=60000
2026-05-08 19:50:52 INFO main - rejectTransactionMessage=false
2026-05-08 19:50:52 INFO main - fetchNameSrvAddrByDnsLookup=false
2026-05-08 19:50:52 INFO main - fetchNamesrvAddrByAddressServer=false
2026-05-08 19:50:52 INFO main - sendThreadPoolQueueCapacity=10000
2026-05-08 19:50:52 INFO main - putThreadPoolQueueCapacity=10000
2026-05-08 19:50:52 INFO main - pullThreadPoolQueueCapacity=100000
2026-05-08 19:50:52 INFO main - litePullThreadPoolQueueCapacity=100000
2026-05-08 19:50:52 INFO main - ackThreadPoolQueueCapacity=100000
2026-05-08 19:50:52 INFO main - replyThreadPoolQueueCapacity=10000
2026-05-08 19:50:52 INFO main - queryThreadPoolQueueCapacity=20000
2026-05-08 19:50:52 INFO main - clientManagerThreadPoolQueueCapacity=1000000
2026-05-08 19:50:52 INFO main - consumerManagerThreadPoolQueueCapacity=1000000
2026-05-08 19:50:52 INFO main - heartbeatThreadPoolQueueCapacity=50000
2026-05-08 19:50:52 INFO main - endTransactionPoolQueueCapacity=100000
2026-05-08 19:50:52 INFO main - adminBrokerThreadPoolQueueCapacity=10000
2026-05-08 19:50:52 INFO main - loadBalanceThreadPoolQueueCapacity=100000
2026-05-08 19:50:52 INFO main - longPollingEnable=true
2026-05-08 19:50:52 INFO main - shortPollingTimeMills=1000
2026-05-08 19:50:52 INFO main - notifyConsumerIdsChangedEnable=true
2026-05-08 19:50:52 INFO main - highSpeedMode=false
2026-05-08 19:50:52 INFO main - commercialBaseCount=1
2026-05-08 19:50:52 INFO main - commercialSizePerMsg=4096
2026-05-08 19:50:52 INFO main - accountStatsEnable=true
2026-05-08 19:50:52 INFO main - accountStatsPrintZeroValues=true
2026-05-08 19:50:52 INFO main - transferMsgByHeap=true
2026-05-08 19:50:52 INFO main - regionId=DefaultRegion
2026-05-08 19:50:52 INFO main - registerBrokerTimeoutMills=24000
2026-05-08 19:50:52 INFO main - sendHeartbeatTimeoutMillis=1000
2026-05-08 19:50:52 INFO main - slaveReadEnable=false
2026-05-08 19:50:52 INFO main - disableConsumeIfConsumerReadSlowly=false
2026-05-08 19:50:52 INFO main - consumerFallbehindThreshold=17179869184
2026-05-08 19:50:52 INFO main - brokerFastFailureEnable=true
2026-05-08 19:50:52 INFO main - waitTimeMillsInSendQueue=200
2026-05-08 19:50:52 INFO main - waitTimeMillsInPullQueue=5000
2026-05-08 19:50:52 INFO main - waitTimeMillsInLitePullQueue=5000
2026-05-08 19:50:52 INFO main - waitTimeMillsInHeartbeatQueue=31000
2026-05-08 19:50:52 INFO main - waitTimeMillsInTransactionQueue=3000
2026-05-08 19:50:52 INFO main - waitTimeMillsInAckQueue=3000
2026-05-08 19:50:52 INFO main - waitTimeMillsInAdminBrokerQueue=5000
2026-05-08 19:50:52 INFO main - startAcceptSendRequestTimeStamp=0
2026-05-08 19:50:52 INFO main - traceOn=true
2026-05-08 19:50:52 INFO main - enableCalcFilterBitMap=false
2026-05-08 19:50:52 INFO main - rejectPullConsumerEnable=false
2026-05-08 19:50:52 INFO main - expectConsumerNumUseFilter=32
2026-05-08 19:50:52 INFO main - maxErrorRateOfBloomFilter=20
2026-05-08 19:50:52 INFO main - filterDataCleanTimeSpan=86400000
2026-05-08 19:50:52 INFO main - filterSupportRetry=false
2026-05-08 19:50:52 INFO main - enablePropertyFilter=false
2026-05-08 19:50:52 INFO main - compressedRegister=false
2026-05-08 19:50:52 INFO main - forceRegister=true
2026-05-08 19:50:52 INFO main - registerNameServerPeriod=30000
2026-05-08 19:50:52 INFO main - updateNameServerAddrPeriod=120000
2026-05-08 19:50:52 INFO main - brokerHeartbeatInterval=1000
2026-05-08 19:50:52 INFO main - brokerNotActiveTimeoutMillis=10000
2026-05-08 19:50:52 INFO main - enableNetWorkFlowControl=false
2026-05-08 19:50:52 INFO main - enableBroadcastOffsetStore=true
2026-05-08 19:50:52 INFO main - broadcastOffsetExpireSecond=120
2026-05-08 19:50:52 INFO main - broadcastOffsetExpireMaxSecond=300
2026-05-08 19:50:52 INFO main - popPollingSize=1024
2026-05-08 19:50:52 INFO main - popPollingMapSize=100000
2026-05-08 19:50:52 INFO main - maxPopPollingSize=100000
2026-05-08 19:50:52 INFO main - reviveQueueNum=8
2026-05-08 19:50:52 INFO main - reviveInterval=1000
2026-05-08 19:50:52 INFO main - reviveMaxSlow=3
2026-05-08 19:50:52 INFO main - reviveScanTime=10000
2026-05-08 19:50:52 INFO main - enableSkipLongAwaitingAck=false
2026-05-08 19:50:52 INFO main - reviveAckWaitMs=180000
2026-05-08 19:50:52 INFO main - enablePopLog=false
2026-05-08 19:50:52 INFO main - enablePopBufferMerge=false
2026-05-08 19:50:52 INFO main - popCkStayBufferTime=10000
2026-05-08 19:50:52 INFO main - popCkStayBufferTimeOut=3000
2026-05-08 19:50:52 INFO main - popCkMaxBufferSize=200000
2026-05-08 19:50:52 INFO main - popCkOffsetMaxQueueSize=20000
2026-05-08 19:50:52 INFO main - enablePopBatchAck=false
2026-05-08 19:50:52 INFO main - enableNotifyAfterPopOrderLockRelease=true
2026-05-08 19:50:52 INFO main - initPopOffsetByCheckMsgInMem=true
2026-05-08 19:50:52 INFO main - retrieveMessageFromPopRetryTopicV1=true
2026-05-08 19:50:52 INFO main - enableRetryTopicV2=false
2026-05-08 19:50:52 INFO main - popFromRetryProbability=20
2026-05-08 19:50:52 INFO main - realTimeNotifyConsumerChange=true
2026-05-08 19:50:52 INFO main - litePullMessageEnable=true
2026-05-08 19:50:52 INFO main - syncBrokerMemberGroupPeriod=1000
2026-05-08 19:50:52 INFO main - loadBalancePollNameServerInterval=30000
2026-05-08 19:50:52 INFO main - cleanOfflineBrokerInterval=30000
2026-05-08 19:50:52 INFO main - serverLoadBalancerEnable=true
2026-05-08 19:50:52 INFO main - defaultMessageRequestMode=PULL
2026-05-08 19:50:52 INFO main - defaultPopShareQueueNum=-1
2026-05-08 19:50:52 INFO main - transactionTimeOut=6000
2026-05-08 19:50:52 INFO main - transactionCheckMax=15
2026-05-08 19:50:52 INFO main - transactionCheckInterval=30000
2026-05-08 19:50:52 INFO main - transactionMetricFlushInterval=3000
2026-05-08 19:50:52 INFO main - transactionOpMsgMaxSize=4096
2026-05-08 19:50:52 INFO main - transactionOpBatchInterval=3000
2026-05-08 19:50:52 INFO main - aclEnable=false
2026-05-08 19:50:52 INFO main - storeReplyMessageEnable=true
2026-05-08 19:50:52 INFO main - enableDetailStat=true
2026-05-08 19:50:52 INFO main - autoDeleteUnusedStats=true
2026-05-08 19:50:52 INFO main - isolateLogEnable=false
2026-05-08 19:50:52 INFO main - forwardTimeout=3000
2026-05-08 19:50:52 INFO main - enableSlaveActingMaster=false
2026-05-08 19:50:52 INFO main - enableRemoteEscape=false
2026-05-08 19:50:52 INFO main - skipPreOnline=false
2026-05-08 19:50:52 INFO main - asyncSendEnable=true
2026-05-08 19:50:52 INFO main - useServerSideResetOffset=true
2026-05-08 19:50:52 INFO main - consumerOffsetUpdateVersionStep=500
2026-05-08 19:50:52 INFO main - delayOffsetUpdateVersionStep=200
2026-05-08 19:50:52 INFO main - lockInStrictMode=false
2026-05-08 19:50:52 INFO main - compatibleWithOldNameSrv=true
2026-05-08 19:50:52 INFO main - enableControllerMode=false
2026-05-08 19:50:52 INFO main - controllerAddr=
2026-05-08 19:50:52 INFO main - fetchControllerAddrByDnsLookup=false
2026-05-08 19:50:52 INFO main - syncBrokerMetadataPeriod=5000
2026-05-08 19:50:52 INFO main - checkSyncStateSetPeriod=5000
2026-05-08 19:50:52 INFO main - syncControllerMetadataPeriod=10000
2026-05-08 19:50:52 INFO main - controllerHeartBeatTimeoutMills=10000
2026-05-08 19:50:52 INFO main - validateSystemTopicWhenUpdateTopic=true
2026-05-08 19:50:52 INFO main - brokerElectionPriority=2147483647
2026-05-08 19:50:52 INFO main - useStaticSubscription=false
2026-05-08 19:50:52 INFO main - metricsExporterType=DISABLE
2026-05-08 19:50:52 INFO main - metricsOtelCardinalityLimit=50000
2026-05-08 19:50:52 INFO main - metricsGrpcExporterTarget=
2026-05-08 19:50:52 INFO main - metricsGrpcExporterHeader=
2026-05-08 19:50:52 INFO main - metricGrpcExporterTimeOutInMills=3000
2026-05-08 19:50:52 INFO main - metricGrpcExporterIntervalInMills=60000
2026-05-08 19:50:52 INFO main - metricLoggingExporterIntervalInMills=10000
2026-05-08 19:50:52 INFO main - metricsPromExporterPort=5557
2026-05-08 19:50:52 INFO main - metricsPromExporterHost=
2026-05-08 19:50:52 INFO main - metricsLabel=
2026-05-08 19:50:52 INFO main - metricsInDelta=false
2026-05-08 19:50:52 INFO main - channelExpiredTimeout=120000
2026-05-08 19:50:52 INFO main - subscriptionExpiredTimeout=600000
2026-05-08 19:50:52 INFO main - estimateAccumulation=true
2026-05-08 19:50:52 INFO main - coldCtrStrategyEnable=false
2026-05-08 19:50:52 INFO main - usePIDColdCtrStrategy=true
2026-05-08 19:50:52 INFO main - cgColdReadThreshold=3145728
2026-05-08 19:50:52 INFO main - globalColdReadThreshold=104857600
2026-05-08 19:50:52 INFO main - fetchNamesrvAddrInterval=10000
2026-05-08 19:50:52 INFO main - popResponseReturnActualRetryTopic=false
2026-05-08 19:50:52 INFO main - enableSingleTopicRegister=false
2026-05-08 19:50:52 INFO main - enableMixedMessageType=false
2026-05-08 19:50:52 INFO main - enableSplitRegistration=false
2026-05-08 19:50:52 INFO main - popInflightMessageThreshold=10000
2026-05-08 19:50:52 INFO main - enablePopMessageThreshold=false
2026-05-08 19:50:52 INFO main - splitRegistrationSize=800
2026-05-08 19:50:52 INFO main - configBlackList=configBlackList;brokerConfigPath
2026-05-08 19:50:52 INFO main - skipWhenCKRePutReachMaxTimes=false
2026-05-08 19:50:52 INFO main - bindAddress=0.0.0.0
2026-05-08 19:50:52 INFO main - listenPort=10911
2026-05-08 19:50:52 INFO main - serverWorkerThreads=8
2026-05-08 19:50:52 INFO main - serverCallbackExecutorThreads=0
2026-05-08 19:50:52 INFO main - serverSelectorThreads=3
2026-05-08 19:50:52 INFO main - serverOnewaySemaphoreValue=256
2026-05-08 19:50:52 INFO main - serverAsyncSemaphoreValue=64
2026-05-08 19:50:52 INFO main - serverChannelMaxIdleTimeSeconds=120
2026-05-08 19:50:52 INFO main - serverSocketSndBufSize=0
2026-05-08 19:50:52 INFO main - serverSocketRcvBufSize=0
2026-05-08 19:50:52 INFO main - writeBufferHighWaterMark=0
2026-05-08 19:50:52 INFO main - writeBufferLowWaterMark=0
2026-05-08 19:50:52 INFO main - serverSocketBacklog=1024
2026-05-08 19:50:52 INFO main - serverNettyWorkerGroupEnable=true
2026-05-08 19:50:52 INFO main - serverPooledByteBufAllocatorEnable=true
2026-05-08 19:50:52 INFO main - enableShutdownGracefully=false
2026-05-08 19:50:52 INFO main - shutdownWaitTimeSeconds=30
2026-05-08 19:50:52 INFO main - useEpollNativeSelector=false
2026-05-08 19:50:52 INFO main - clientWorkerThreads=4
2026-05-08 19:50:52 INFO main - clientCallbackExecutorThreads=15
2026-05-08 19:50:52 INFO main - clientOnewaySemaphoreValue=65535
2026-05-08 19:50:52 INFO main - clientAsyncSemaphoreValue=65535
2026-05-08 19:50:52 INFO main - connectTimeoutMillis=3000
2026-05-08 19:50:52 INFO main - channelNotActiveInterval=60000
2026-05-08 19:50:52 INFO main - isScanAvailableNameSrv=true
2026-05-08 19:50:52 INFO main - clientChannelMaxIdleTimeSeconds=120
2026-05-08 19:50:52 INFO main - clientSocketSndBufSize=0
2026-05-08 19:50:52 INFO main - clientSocketRcvBufSize=0
2026-05-08 19:50:52 INFO main - clientPooledByteBufAllocatorEnable=false
2026-05-08 19:50:52 INFO main - clientCloseSocketIfTimeout=true
2026-05-08 19:50:52 INFO main - useTLS=false
2026-05-08 19:50:52 INFO main - socksProxyConfig={}
2026-05-08 19:50:52 INFO main - writeBufferHighWaterMark=0
2026-05-08 19:50:52 INFO main - writeBufferLowWaterMark=0
2026-05-08 19:50:52 INFO main - disableCallbackExecutor=false
2026-05-08 19:50:52 INFO main - disableNettyWorkerGroup=false
2026-05-08 19:50:52 INFO main - maxReconnectIntervalTimeSeconds=60
2026-05-08 19:50:52 INFO main - enableReconnectForGoAway=true
2026-05-08 19:50:52 INFO main - enableTransparentRetry=true
2026-05-08 19:50:52 INFO main - storePathRootDir=/home/rocketmq/store
2026-05-08 19:50:52 INFO main - storePathCommitLog=
2026-05-08 19:50:52 INFO main - storePathDLedgerCommitLog=
2026-05-08 19:50:52 INFO main - storePathEpochFile=
2026-05-08 19:50:52 INFO main - storePathBrokerIdentity=
2026-05-08 19:50:52 INFO main - readOnlyCommitLogStorePaths=
2026-05-08 19:50:52 INFO main - mappedFileSizeCommitLog=1073741824
2026-05-08 19:50:52 INFO main - compactionMappedFileSize=104857600
2026-05-08 19:50:52 INFO main - compactionCqMappedFileSize=10485760
2026-05-08 19:50:52 INFO main - compactionScheduleInternal=900000
2026-05-08 19:50:52 INFO main - maxOffsetMapSize=104857600
2026-05-08 19:50:52 INFO main - compactionThreadNum=6
2026-05-08 19:50:52 INFO main - enableCompaction=true
2026-05-08 19:50:52 INFO main - mappedFileSizeTimerLog=104857600
2026-05-08 19:50:52 INFO main - timerPrecisionMs=1000
2026-05-08 19:50:52 INFO main - timerRollWindowSlot=172800
2026-05-08 19:50:52 INFO main - timerFlushIntervalMs=1000
2026-05-08 19:50:52 INFO main - timerGetMessageThreadNum=3
2026-05-08 19:50:52 INFO main - timerPutMessageThreadNum=3
2026-05-08 19:50:52 INFO main - timerEnableDisruptor=false
2026-05-08 19:50:52 INFO main - timerEnableCheckMetrics=true
2026-05-08 19:50:52 INFO main - timerInterceptDelayLevel=false
2026-05-08 19:50:52 INFO main - timerMaxDelaySec=259200
2026-05-08 19:50:52 INFO main - timerWheelEnable=true
2026-05-08 19:50:52 INFO main - disappearTimeAfterStart=-1
2026-05-08 19:50:52 INFO main - timerStopEnqueue=false
2026-05-08 19:50:52 INFO main - timerCheckMetricsWhen=05
2026-05-08 19:50:52 INFO main - timerSkipUnknownError=false
2026-05-08 19:50:52 INFO main - timerWarmEnable=false
2026-05-08 19:50:52 INFO main - timerStopDequeue=false
2026-05-08 19:50:52 INFO main - timerCongestNumEachSlot=2147483647
2026-05-08 19:50:52 INFO main - timerMetricSmallThreshold=1000000
2026-05-08 19:50:52 INFO main - timerProgressLogIntervalMs=10000
2026-05-08 19:50:52 INFO main - storeType=default
2026-05-08 19:50:52 INFO main - transferMetadataJsonToRocksdb=false
2026-05-08 19:50:52 INFO main - mappedFileSizeConsumeQueue=6000000
2026-05-08 19:50:52 INFO main - enableConsumeQueueExt=false
2026-05-08 19:50:52 INFO main - mappedFileSizeConsumeQueueExt=50331648
2026-05-08 19:50:52 INFO main - mapperFileSizeBatchConsumeQueue=13800000
2026-05-08 19:50:52 INFO main - bitMapLengthConsumeQueueExt=64
2026-05-08 19:50:52 INFO main - flushIntervalCommitLog=500
2026-05-08 19:50:52 INFO main - commitIntervalCommitLog=200
2026-05-08 19:50:52 INFO main - maxRecoveryCommitlogFiles=30
2026-05-08 19:50:52 INFO main - diskSpaceWarningLevelRatio=90
2026-05-08 19:50:52 INFO main - diskSpaceCleanForciblyRatio=85
2026-05-08 19:50:52 INFO main - useReentrantLockWhenPutMessage=true
2026-05-08 19:50:52 INFO main - flushCommitLogTimed=true
2026-05-08 19:50:52 INFO main - flushIntervalConsumeQueue=1000
2026-05-08 19:50:52 INFO main - cleanResourceInterval=10000
2026-05-08 19:50:52 INFO main - deleteCommitLogFilesInterval=100
2026-05-08 19:50:52 INFO main - deleteConsumeQueueFilesInterval=100
2026-05-08 19:50:52 INFO main - destroyMapedFileIntervalForcibly=120000
2026-05-08 19:50:52 INFO main - redeleteHangedFileInterval=120000
2026-05-08 19:50:52 INFO main - logicalDiskSpaceCleanForciblyThreshold=0.8
2026-05-08 19:50:52 INFO main - maxSlaveResendLength=268435456
2026-05-08 19:50:52 INFO main - syncFromLastFile=false
2026-05-08 19:50:52 INFO main - asyncLearner=false
2026-05-08 19:50:52 INFO main - maxConsumeQueueScan=20000
2026-05-08 19:50:52 INFO main - sampleCountThreshold=5000
2026-05-08 19:50:52 INFO main - coldDataFlowControlEnable=false
2026-05-08 19:50:52 INFO main - coldDataScanEnable=false
2026-05-08 19:50:52 INFO main - dataReadAheadEnable=true
2026-05-08 19:50:52 INFO main - timerColdDataCheckIntervalMs=60000
2026-05-08 19:50:52 INFO main - sampleSteps=32
2026-05-08 19:50:52 INFO main - accessMessageInMemoryHotRatio=26
2026-05-08 19:50:52 INFO main - enableBuildConsumeQueueConcurrently=false
2026-05-08 19:50:52 INFO main - batchDispatchRequestThreadPoolNums=16
2026-05-08 19:50:52 INFO main - cleanRocksDBDirtyCQIntervalMin=60
2026-05-08 19:50:52 INFO main - statRocksDBCQIntervalSec=10
2026-05-08 19:50:52 INFO main - memTableFlushIntervalMs=3600000
2026-05-08 19:50:52 INFO main - realTimePersistRocksDBConfig=true
2026-05-08 19:50:52 INFO main - enableRocksDBLog=false
2026-05-08 19:50:52 INFO main - topicQueueLockNum=32
2026-05-08 19:50:52 INFO main - readUnCommitted=false
2026-05-08 19:50:52 INFO main - putConsumeQueueDataByFileChannel=true
2026-05-08 19:50:52 INFO main - transferOffsetJsonToRocksdb=false
2026-05-08 19:50:52 INFO main - rocksdbCQDoubleWriteEnable=false
2026-05-08 19:50:52 INFO main - batchWriteKvCqSize=16
2026-05-08 19:50:52 INFO main - Replace, key: listenPort, value: 6888 -> 10911
2026-05-08 19:50:52 INFO main - load /home/rocketmq/store/config/consumerOffset.json OK
2026-05-08 19:50:52 INFO main - load /home/rocketmq/store/config/consumerFilter.json OK
2026-05-08 19:50:52 INFO main - load /home/rocketmq/store/config/consumerOrderInfo.json OK
2026-05-08 19:50:52 INFO main - Looking for a resource file of name [META-INF/service/org.apache.rocketmq.store.ha.HAService] ...
2026-05-08 19:50:52 WARN main - No resource file with name [META-INF/service/org.apache.rocketmq.store.ha.HAService] found.
2026-05-08 19:50:52 INFO main - load /home/rocketmq/store/config/timermetrics OK
2026-05-08 19:50:52 INFO main - load /home/rocketmq/store/config/delayOffset.json OK
2026-05-08 19:50:53 INFO main - Set user specified name server address: namesrv:9876
2026-05-08 19:50:53 INFO main - Looking for a resource file of name [META-INF/service/org.apache.rocketmq.broker.transaction.TransactionalMessageService] ...
2026-05-08 19:50:53 WARN main - No resource file with name [META-INF/service/org.apache.rocketmq.broker.transaction.TransactionalMessageService] found.
2026-05-08 19:50:53 INFO main - Try to start service thread:TransactionalOpBatchService started:false lastThread:null
2026-05-08 19:50:53 INFO main - Start service thread:TransactionalOpBatchService started:true lastThread:Thread[TransactionalOpBatchService,5,main]
2026-05-08 19:50:53 INFO main - load /home/rocketmq/store/config/transactionMetrics OK
2026-05-08 19:50:53 WARN main - Load default transaction message hook service: TransactionalMessageServiceImpl
2026-05-08 19:50:53 INFO main - Looking for a resource file of name [META-INF/service/org.apache.rocketmq.broker.transaction.AbstractTransactionalMessageCheckListener] ...
2026-05-08 19:50:53 WARN main - No resource file with name [META-INF/service/org.apache.rocketmq.broker.transaction.AbstractTransactionalMessageCheckListener] found.
2026-05-08 19:50:53 WARN main - Load default discard message hook service: DefaultTransactionalMessageCheckListener
2026-05-08 19:50:53 INFO main - Try to start service thread:TransactionFlushService started:false lastThread:null
2026-05-08 19:50:53 INFO main - Start service thread:TransactionFlushService started:true lastThread:Thread[TransactionFlushService,5,main]
2026-05-08 19:50:53 INFO main - The broker dose not enable acl
2026-05-08 19:50:53 INFO main - Looking for a resource file of name [META-INF/service/org.apache.rocketmq.remoting.RPCHook] ...
2026-05-08 19:50:53 WARN main - No resource file with name [META-INF/service/org.apache.rocketmq.remoting.RPCHook] found.
2026-05-08 19:50:53 INFO main - Looking for a resource file of name [META-INF/service/org.apache.rocketmq.acl.AccessValidator] ...
2026-05-08 19:50:53 WARN main - No resource file with name [META-INF/service/org.apache.rocketmq.acl.AccessValidator] found.
2026-05-08 19:50:53 INFO main - The default acl dir /home/rocketmq/rocketmq-5.3.1/conf/acl is not exist
2026-05-08 19:50:53 INFO main - Broker plain acl conf data is : org.apache.rocketmq.acl.plain.PlainAccessData@76fdd597
2026-05-08 19:50:53 INFO main - The default acl dir /home/rocketmq/rocketmq-5.3.1/conf/acl is not exist
2026-05-08 19:50:53 INFO main - Try to start service thread:AclFileWatchService started:false lastThread:null
2026-05-08 19:50:53 INFO main - Start service thread:AclFileWatchService started:true lastThread:Thread[AclFileWatchService,5,main]
2026-05-08 19:50:53 INFO main - Succeed to start AclFileWatchService
2026-05-08 19:50:53 INFO AclFileWatchService - AclFileWatchService service started
2026-05-08 19:50:53 INFO main - Try to start service thread:NettyEventExecutor started:false lastThread:null
2026-05-08 19:50:53 INFO main - Start service thread:NettyEventExecutor started:true lastThread:Thread[NettyEventExecutor,5,main]
2026-05-08 19:50:53 INFO main - Try to start service thread:AllocateMappedFileService started:false lastThread:null
2026-05-08 19:50:53 INFO main - Start service thread:AllocateMappedFileService started:true lastThread:Thread[AllocateMappedFileService,5,main]
2026-05-08 19:50:53 INFO main - Try to start service thread:ReputMessageService started:false lastThread:null
2026-05-08 19:50:53 INFO main - Start service thread:ReputMessageService started:true lastThread:Thread[ReputMessageService,5,main]
2026-05-08 19:50:53 INFO main - Try to start service thread:FlushConsumeQueueService started:false lastThread:null
2026-05-08 19:50:53 INFO main - Start service thread:FlushConsumeQueueService started:true lastThread:Thread[FlushConsumeQueueService,5,main]
2026-05-08 19:50:53 INFO main - Try to start service thread:FlushRealTimeService started:false lastThread:null
2026-05-08 19:50:53 INFO main - Start service thread:FlushRealTimeService started:true lastThread:Thread[FlushRealTimeService,5,main]
2026-05-08 19:50:53 INFO main - Try to start service thread:FlushDiskWatcher started:false lastThread:null
2026-05-08 19:50:53 INFO main - Start service thread:FlushDiskWatcher started:true lastThread:Thread[FlushDiskWatcher,5,main]
2026-05-08 19:50:53 INFO main - Try to start service thread:ColdDataCheckService started:false lastThread:null
2026-05-08 19:50:53 INFO main - Start service thread:ColdDataCheckService started:true lastThread:Thread[ColdDataCheckService,5,main]
2026-05-08 19:50:53 INFO main - Try to start service thread:StoreStatsService started:false lastThread:null
2026-05-08 19:50:53 INFO main - Start service thread:StoreStatsService started:true lastThread:Thread[StoreStatsService,5,main]
2026-05-08 19:50:53 INFO main - Try to start service thread:DefaultAcceptSocketService started:false lastThread:null
2026-05-08 19:50:53 INFO main - Start service thread:DefaultAcceptSocketService started:true lastThread:Thread[DefaultAcceptSocketService,5,main]
2026-05-08 19:50:53 INFO main - Try to start service thread:GroupTransferService started:false lastThread:null
2026-05-08 19:50:53 INFO main - Start service thread:GroupTransferService started:true lastThread:Thread[GroupTransferService,5,main]
2026-05-08 19:50:53 INFO main - Try to start service thread:HAConnectionStateNotificationService started:false lastThread:null
2026-05-08 19:50:53 INFO main - Start service thread:HAConnectionStateNotificationService started:true lastThread:Thread[HAConnectionStateNotificationService,5,main]
2026-05-08 19:50:53 INFO main - Try to start service thread:org.apache.rocketmq.store.util.PerfCounter$Ticks started:false lastThread:null
2026-05-08 19:50:53 INFO main - Start service thread:org.apache.rocketmq.store.util.PerfCounter$Ticks started:true lastThread:Thread[org.apache.rocketmq.store.util.PerfCounter$Ticks,5,main]
2026-05-08 19:50:53 INFO main - Try to start service thread:TimerEnqueueGetService started:false lastThread:null
2026-05-08 19:50:53 INFO main - Start service thread:TimerEnqueueGetService started:true lastThread:Thread[TimerEnqueueGetService,5,main]
2026-05-08 19:50:53 INFO main - Try to start service thread:TimerEnqueuePutService started:false lastThread:null
2026-05-08 19:50:53 INFO main - Start service thread:TimerEnqueuePutService started:true lastThread:Thread[TimerEnqueuePutService,5,main]
2026-05-08 19:50:53 INFO main - Try to start service thread:TimerDequeueWarmService started:false lastThread:null
2026-05-08 19:50:53 INFO main - Start service thread:TimerDequeueWarmService started:true lastThread:Thread[TimerDequeueWarmService,5,main]
2026-05-08 19:50:53 INFO main - Try to start service thread:TimerDequeueGetService started:false lastThread:null
2026-05-08 19:50:53 INFO main - Start service thread:TimerDequeueGetService started:true lastThread:Thread[TimerDequeueGetService,5,main]
2026-05-08 19:50:53 INFO main - Try to start service thread:TimerDequeueGetMessageService started:false lastThread:null
2026-05-08 19:50:53 INFO main - Start service thread:TimerDequeueGetMessageService started:true lastThread:Thread[TimerDequeueGetMessageService,5,main]
2026-05-08 19:50:53 INFO main - Try to start service thread:TimerDequeueGetMessageService started:false lastThread:null
2026-05-08 19:50:53 INFO main - Start service thread:TimerDequeueGetMessageService started:true lastThread:Thread[TimerDequeueGetMessageService,5,main]
2026-05-08 19:50:53 INFO main - Try to start service thread:TimerDequeueGetMessageService started:false lastThread:null
2026-05-08 19:50:53 INFO main - Start service thread:TimerDequeueGetMessageService started:true lastThread:Thread[TimerDequeueGetMessageService,5,main]
2026-05-08 19:50:53 INFO main - Try to start service thread:TimerDequeuePutMessageService started:false lastThread:null
2026-05-08 19:50:53 INFO main - Start service thread:TimerDequeuePutMessageService started:true lastThread:Thread[TimerDequeuePutMessageService,5,main]
2026-05-08 19:50:53 INFO main - Try to start service thread:TimerDequeuePutMessageService started:false lastThread:null
2026-05-08 19:50:53 INFO main - Start service thread:TimerDequeuePutMessageService started:true lastThread:Thread[TimerDequeuePutMessageService,5,main]
2026-05-08 19:50:53 INFO main - Try to start service thread:TimerDequeuePutMessageService started:false lastThread:null
2026-05-08 19:50:53 INFO main - Start service thread:TimerDequeuePutMessageService started:true lastThread:Thread[TimerDequeuePutMessageService,5,main]
2026-05-08 19:50:53 INFO main - Try to start service thread:TimerFlushService started:false lastThread:null
2026-05-08 19:50:53 INFO main - Start service thread:TimerFlushService started:true lastThread:Thread[TimerFlushService,5,main]
2026-05-08 19:50:53 INFO main - Try to start service thread:NettyEventExecutor started:false lastThread:null
2026-05-08 19:50:53 INFO main - Start service thread:NettyEventExecutor started:true lastThread:Thread[NettyEventExecutor,5,main]
2026-05-08 19:50:53 INFO main - Try to start service thread:NettyEventExecutor started:false lastThread:null
2026-05-08 19:50:53 INFO main - Start service thread:NettyEventExecutor started:true lastThread:Thread[NettyEventExecutor,5,main]
2026-05-08 19:50:53 INFO main - Try to start service thread:PopLongPollingService started:false lastThread:null
2026-05-08 19:50:53 INFO main - Start service thread:PopLongPollingService started:true lastThread:Thread[PopLongPollingService,5,main]
2026-05-08 19:50:53 INFO main - Try to start service thread:PopBufferMergeService started:false lastThread:null
2026-05-08 19:50:53 INFO main - Start service thread:PopBufferMergeService started:true lastThread:Thread[PopBufferMergeService,5,main]
2026-05-08 19:50:53 INFO main - Try to start service thread:QueueLockManager started:false lastThread:null
2026-05-08 19:50:53 INFO main - Start service thread:QueueLockManager started:true lastThread:Thread[QueueLockManager,5,main]
2026-05-08 19:50:53 INFO main - Try to start service thread:PopReviveService_0 started:false lastThread:null
2026-05-08 19:50:53 INFO main - Start service thread:PopReviveService_0 started:true lastThread:Thread[PopReviveService_0,5,main]
2026-05-08 19:50:53 INFO main - Try to start service thread:PopReviveService_1 started:false lastThread:null
2026-05-08 19:50:53 INFO main - Start service thread:PopReviveService_1 started:true lastThread:Thread[PopReviveService_1,5,main]
2026-05-08 19:50:53 INFO main - Try to start service thread:PopReviveService_2 started:false lastThread:null
2026-05-08 19:50:53 INFO main - Start service thread:PopReviveService_2 started:true lastThread:Thread[PopReviveService_2,5,main]
2026-05-08 19:50:53 INFO main - Try to start service thread:PopReviveService_3 started:false lastThread:null
2026-05-08 19:50:53 INFO main - Start service thread:PopReviveService_3 started:true lastThread:Thread[PopReviveService_3,5,main]
2026-05-08 19:50:53 INFO main - Try to start service thread:PopReviveService_4 started:false lastThread:null
2026-05-08 19:50:53 INFO main - Start service thread:PopReviveService_4 started:true lastThread:Thread[PopReviveService_4,5,main]
2026-05-08 19:50:53 INFO main - Try to start service thread:PopReviveService_5 started:false lastThread:null
2026-05-08 19:50:53 INFO main - Start service thread:PopReviveService_5 started:true lastThread:Thread[PopReviveService_5,5,main]
2026-05-08 19:50:53 INFO main - Try to start service thread:PopReviveService_6 started:false lastThread:null
2026-05-08 19:50:53 INFO main - Start service thread:PopReviveService_6 started:true lastThread:Thread[PopReviveService_6,5,main]
2026-05-08 19:50:53 INFO main - Try to start service thread:PopReviveService_7 started:false lastThread:null
2026-05-08 19:50:53 INFO main - Start service thread:PopReviveService_7 started:true lastThread:Thread[PopReviveService_7,5,main]
2026-05-08 19:50:53 INFO main - Try to start service thread:PopLongPollingService started:false lastThread:null
2026-05-08 19:50:53 INFO main - Start service thread:PopLongPollingService started:true lastThread:Thread[PopLongPollingService,5,main]
2026-05-08 19:50:53 INFO main - Try to start service thread:TopicQueueMappingCleanService started:false lastThread:null
2026-05-08 19:50:53 INFO main - Start service thread:TopicQueueMappingCleanService started:true lastThread:Thread[TopicQueueMappingCleanService,5,main]
2026-05-08 19:50:53 INFO TopicQueueMappingCleanService - Start topic queue mapping clean service thread!
2026-05-08 19:50:53 INFO main - Try to start service thread:FileWatchService started:false lastThread:null
2026-05-08 19:50:53 INFO main - Start service thread:FileWatchService started:true lastThread:Thread[FileWatchService,5,main]
2026-05-08 19:50:53 INFO main - Try to start service thread:PullRequestHoldService started:false lastThread:null
2026-05-08 19:50:53 INFO FileWatchService - FileWatchService service started
2026-05-08 19:50:53 INFO main - Start service thread:PullRequestHoldService started:true lastThread:Thread[PullRequestHoldService,5,main]
2026-05-08 19:50:53 INFO PullRequestHoldService - PullRequestHoldService service started
2026-05-08 19:50:53 INFO main - Try to start service thread:BroadcastOffsetManager started:false lastThread:null
2026-05-08 19:50:53 INFO main - Start service thread:BroadcastOffsetManager started:true lastThread:Thread[BroadcastOffsetManager,5,main]
2026-05-08 19:50:53 INFO main - Try to start service thread:ColdDataPullRequestHoldService started:false lastThread:null
2026-05-08 19:50:53 INFO main - Start service thread:ColdDataPullRequestHoldService started:true lastThread:Thread[ColdDataPullRequestHoldService,5,main]
2026-05-08 19:50:53 INFO main - Try to start service thread:ColdDataCgCtrService started:false lastThread:null
2026-05-08 19:50:53 INFO main - Start service thread:ColdDataCgCtrService started:true lastThread:Thread[ColdDataCgCtrService,5,main]
2026-05-08 19:50:53 INFO main - ScheduleServiceStatus changed to true
2026-05-08 19:50:53 INFO main - load /home/rocketmq/store/config/delayOffset.json OK
2026-05-08 19:50:53 INFO main - TransactionCheckService status changed to true
2026-05-08 19:50:53 INFO main - Try to start service thread:TransactionalMessageCheckService started:false lastThread:null
2026-05-08 19:50:53 INFO main - Start service thread:TransactionalMessageCheckService started:true lastThread:Thread[TransactionalMessageCheckService,5,main]
2026-05-08 19:50:53 INFO main - Set PopReviveService Status to true
2026-05-08 19:50:53 INFO main - Try to start service thread:NettyEventExecutor started:false lastThread:null
2026-05-08 19:50:53 INFO main - Start service thread:NettyEventExecutor started:true lastThread:Thread[NettyEventExecutor,5,main]
2026-05-08 19:50:53 INFO main - Try to start service thread:GrpcClientSettingsManagerCleaner started:false lastThread:null
2026-05-08 19:50:53 INFO main - Start service thread:GrpcClientSettingsManagerCleaner started:true lastThread:Thread[GrpcClientSettingsManagerCleaner,5,main]
2026-05-08 19:50:53 INFO main - Try to start service thread:NettyEventExecutor started:false lastThread:null
2026-05-08 19:50:53 INFO main - Start service thread:NettyEventExecutor started:true lastThread:Thread[NettyEventExecutor,5,main]
2026-05-08 19:50:58 INFO AclFileWatchService - The default acl dir /home/rocketmq/rocketmq-5.3.1/conf/acl is not exist
2026-05-08 19:51:03 INFO BrokerControllerScheduledThread1 - Dispatch task fall behind commit log 0bytes
2026-05-08 19:51:03 INFO AclFileWatchService - The default acl dir /home/rocketmq/rocketmq-5.3.1/conf/acl is not exist
2026-05-08 19:51:03 INFO brokerOutApi_thread_1 - Registering current broker to name server completed. TargetHost=namesrv:9876
2026-05-08 19:51:08 INFO AclFileWatchService - The default acl dir /home/rocketmq/rocketmq-5.3.1/conf/acl is not exist
2026-05-08 19:51:13 INFO AclFileWatchService - The default acl dir /home/rocketmq/rocketmq-5.3.1/conf/acl is not exist
2026-05-08 19:51:18 INFO AclFileWatchService - The default acl dir /home/rocketmq/rocketmq-5.3.1/conf/acl is not exist
2026-05-08 19:51:23 INFO AclFileWatchService - The default acl dir /home/rocketmq/rocketmq-5.3.1/conf/acl is not exist
2026-05-08 19:51:28 INFO AclFileWatchService - The default acl dir /home/rocketmq/rocketmq-5.3.1/conf/acl is not exist
2026-05-08 19:51:33 INFO AclFileWatchService - The default acl dir /home/rocketmq/rocketmq-5.3.1/conf/acl is not exist
2026-05-08 19:51:33 INFO brokerOutApi_thread_2 - Registering current broker to name server completed. TargetHost=namesrv:9876
2026-05-08 19:51:38 INFO AclFileWatchService - The default acl dir /home/rocketmq/rocketmq-5.3.1/conf/acl is not exist
2026-05-08 19:51:43 INFO AclFileWatchService - The default acl dir /home/rocketmq/rocketmq-5.3.1/conf/acl is not exist
