2026-05-08 19:44:24 WARN main - Load default HA Service: DefaultHAService
2026-05-08 19:44:24 INFO main - /home/rocketmq/store/commitlog mkdir OK
2026-05-08 19:44:24 INFO main - /home/rocketmq/store/consumequeue mkdir OK
2026-05-08 19:44:24 INFO main - /home/rocketmq/store/config mkdir OK
2026-05-08 19:44:24 INFO main - timer checkpoint file not exists, /home/rocketmq/store/config/timercheck
2026-05-08 19:44:24 INFO main - last shutdown normally, store path root dir: /home/rocketmq/store
2026-05-08 19:44:24 INFO main - load commit log OK
2026-05-08 19:44:24 INFO main - load SimpleCQ all over, OK
2026-05-08 19:44:24 INFO main - load BatchCQ all over, OK
2026-05-08 19:44:24 INFO main - compactionStore /home/rocketmq/store/compaction/compactionLog:/home/rocketmq/store/compaction/compactionCq load completed.
2026-05-08 19:44:24 INFO main - loop to scan all topicConfig with fixed delay 30000ms
2026-05-08 19:44:24 INFO main - store checkpoint file not exists, /home/rocketmq/store/checkpoint
2026-05-08 19:44:24 INFO main - message store recover mode: normal
2026-05-08 19:44:24 WARN main - The commitlog files are deleted, and delete the consume queue files
2026-05-08 19:44:24 INFO main - message store recover total cost: 0 ms, recoverConsumeQueue: 0 ms, recoverCommitLog: 0 ms, recoverOffsetTable: 0 ms
2026-05-08 19:44:24 INFO main - message store recover end, and the max phy offset = 0
2026-05-08 19:44:24 INFO main - load over, and the max phy offset = 0
2026-05-08 19:44:24 INFO main - Begin to recover timerLog offset:0 check:true
2026-05-08 19:44:24 INFO main - Timer recover ok currReadTimerMs:1777635924000 currQueueOffset:0 checkQueueOffset:0 processOffset:0
2026-05-08 19:44:25 INFO AllocateMappedFileService - AllocateMappedFileService service started
2026-05-08 19:44:25 INFO ReputMessageService - ReputMessageService service started
2026-05-08 19:44:25 INFO FlushConsumeQueueService - FlushConsumeQueueService service started
2026-05-08 19:44:25 INFO main - start commitLog successfully. storeRoot: /home/rocketmq/store
2026-05-08 19:44:25 INFO FlushRealTimeService - FlushRealTimeService service started
2026-05-08 19:44:25 INFO main - Default ConsumeQueueStore start!
2026-05-08 19:44:25 INFO ColdDataCheckService - ColdDataCheckService service started
2026-05-08 19:44:25 INFO StoreStatsService - StoreStatsService service started
2026-05-08 19:44:25 INFO DefaultAcceptSocketService - DefaultAcceptSocketService service started
2026-05-08 19:44:25 INFO GroupTransferService - GroupTransferService service started
2026-05-08 19:44:25 INFO HAConnectionStateNotificationService - HAConnectionStateNotificationService service started
2026-05-08 19:44:25 INFO main - /home/rocketmq/store/abort create OK
2026-05-08 19:44:25 INFO org.apache.rocketmq.store.util.PerfCounter$Ticks - org.apache.rocketmq.store.util.PerfCounter$Ticks get started
2026-05-08 19:44:25 INFO TimerEnqueueGetService - TimerEnqueueGetService service start
2026-05-08 19:44:25 INFO TimerEnqueuePutService - TimerEnqueuePutService service start
2026-05-08 19:44:25 INFO TimerDequeueGetService - TimerDequeueGetService service start
2026-05-08 19:44:25 INFO TimerDequeueWarmService - TimerDequeueWarmService service start
2026-05-08 19:44:25 INFO TimerDequeueGetMessageService - TimerDequeueGetMessageService service start
2026-05-08 19:44:25 INFO TimerDequeueGetMessageService - TimerDequeueGetMessageService service start
2026-05-08 19:44:25 INFO TimerDequeueGetMessageService - TimerDequeueGetMessageService service start
2026-05-08 19:44:25 INFO TimerDequeuePutMessageService - TimerDequeuePutMessageService service start
2026-05-08 19:44:25 INFO TimerDequeuePutMessageService - TimerDequeuePutMessageService service start
2026-05-08 19:44:25 INFO TimerDequeuePutMessageService - TimerDequeuePutMessageService service start
2026-05-08 19:44:25 INFO TimerFlushService - TimerFlushService service start
2026-05-08 19:44:25 INFO main - Timer start ok currReadTimerMs:[2026-05-01 11:45:24.0] queueOffset:[0]
2026-05-08 19:44:35 INFO TimerFlushService - [ASYNC_MASTER]Timer progress-check commitRead:[05-08 11:44:35] currRead:[05-08 11:44:35] currWrite:[05-08 11:44:35] readBehind:0 currReadOffset:0 offsetBehind:0 behindMaster:0 enqPutQueue:0 deqGetQueue:0 deqPutQueue:0 allCongestNum:0 enqExpiredStoreTime:01-01 00:00:00
2026-05-08 19:44:36 INFO FlushRealTimeService - PERF_COUNTER_FLUSH_DATA_TIME_MS[2026-05-08 11:44:36.03] num:21 cost:10022 tps:2.1054 min:0 max:99999999 tp50:0 tp80:0 tp90:0 tp99:0 tp999:0 0_1:21 2_5:0 6_10:0 11_50:0 51_100:0 101_500:0 501_999:0 1000_:0
2026-05-08 19:44:45 INFO TimerFlushService - [ASYNC_MASTER]Timer progress-check commitRead:[05-08 11:44:45] currRead:[05-08 11:44:45] currWrite:[05-08 11:44:45] readBehind:0 currReadOffset:0 offsetBehind:0 behindMaster:0 enqPutQueue:0 deqGetQueue:0 deqPutQueue:0 allCongestNum:0 enqExpiredStoreTime:01-01 00:00:00
2026-05-08 19:44:46 INFO FlushRealTimeService - PERF_COUNTER_FLUSH_DATA_TIME_MS[2026-05-08 11:44:46.051] num:20 cost:10018 tps:2.0064 min:0 max:99999999 tp50:0 tp80:0 tp90:0 tp99:0 tp999:0 0_1:20 2_5:0 6_10:0 11_50:0 51_100:0 101_500:0 501_999:0 1000_:0
2026-05-08 19:44:54 INFO compactionSchedule_1 - start to scan all topicConfig
2026-05-08 19:44:54 INFO compactionSchedule_1 - scan all topicConfig over
2026-05-08 19:44:56 INFO FlushRealTimeService - PERF_COUNTER_FLUSH_DATA_TIME_MS[2026-05-08 11:44:56.078] num:20 cost:10026 tps:2.0048 min:0 max:99999999 tp50:0 tp80:0 tp90:0 tp99:0 tp999:0 0_1:20 2_5:0 6_10:0 11_50:0 51_100:0 101_500:0 501_999:0 1000_:0
2026-05-08 19:44:56 INFO TimerFlushService - [ASYNC_MASTER]Timer progress-check commitRead:[05-08 11:44:56] currRead:[05-08 11:44:56] currWrite:[05-08 11:44:56] readBehind:0 currReadOffset:0 offsetBehind:0 behindMaster:0 enqPutQueue:0 deqGetQueue:0 deqPutQueue:0 allCongestNum:0 enqExpiredStoreTime:01-01 00:00:00
2026-05-08 19:45:06 INFO FlushRealTimeService - PERF_COUNTER_FLUSH_DATA_TIME_MS[2026-05-08 11:45:06.099] num:20 cost:10020 tps:2.0060 min:0 max:99999999 tp50:0 tp80:0 tp90:0 tp99:0 tp999:0 0_1:20 2_5:0 6_10:0 11_50:0 51_100:0 101_500:0 501_999:0 1000_:0
2026-05-08 19:45:06 INFO TimerFlushService - [ASYNC_MASTER]Timer progress-check commitRead:[05-08 11:45:06] currRead:[05-08 11:45:06] currWrite:[05-08 11:45:06] readBehind:0 currReadOffset:0 offsetBehind:0 behindMaster:0 enqPutQueue:0 deqGetQueue:0 deqPutQueue:0 allCongestNum:0 enqExpiredStoreTime:01-01 00:00:00
2026-05-08 19:45:16 INFO FlushRealTimeService - PERF_COUNTER_FLUSH_DATA_TIME_MS[2026-05-08 11:45:16.127] num:20 cost:10027 tps:2.0046 min:0 max:99999999 tp50:0 tp80:0 tp90:0 tp99:0 tp999:0 0_1:20 2_5:0 6_10:0 11_50:0 51_100:0 101_500:0 501_999:0 1000_:0
2026-05-08 19:45:16 INFO TimerFlushService - [ASYNC_MASTER]Timer progress-check commitRead:[05-08 11:45:16] currRead:[05-08 11:45:16] currWrite:[05-08 11:45:16] readBehind:0 currReadOffset:0 offsetBehind:0 behindMaster:0 enqPutQueue:0 deqGetQueue:0 deqPutQueue:0 allCongestNum:0 enqExpiredStoreTime:01-01 00:00:00
2026-05-08 19:45:24 INFO compactionSchedule_1 - start to scan all topicConfig
2026-05-08 19:45:24 INFO compactionSchedule_1 - scan all topicConfig over
2026-05-08 19:45:25 INFO StoreStatsService - [STORETPS] put_tps  get_found_tps  get_miss_tps  get_transferred_tps 
2026-05-08 19:45:25 INFO StoreStatsService - findPutMessageEntireTimePX 0.99=0.00ms cost 4ms
2026-05-08 19:45:25 INFO StoreStatsService - findPutMessageEntireTimePX 0.999=0.00ms cost 0ms
2026-05-08 19:45:25 INFO StoreStatsService - [PAGECACHERT] TotalPut 0, PutMessageDistributeTime [<=0ms]:0 [0~10ms]:0 [10~50ms]:0 [50~100ms]:0 [100~200ms]:0 [200~500ms]:0 [500ms~1s]:0 [1~2s]:0 [2~3s]:0 [3~4s]:0 [4~5s]:0 [5~10s]:0 [10s~]:0 
2026-05-08 19:45:26 INFO FlushRealTimeService - PERF_COUNTER_FLUSH_DATA_TIME_MS[2026-05-08 11:45:26.156] num:20 cost:10029 tps:2.0042 min:0 max:1 tp50:0 tp80:0 tp90:0 tp99:1 tp999:1 0_1:20 2_5:0 6_10:0 11_50:0 51_100:0 101_500:0 501_999:0 1000_:0
2026-05-08 19:45:26 INFO TimerFlushService - [ASYNC_MASTER]Timer progress-check commitRead:[05-08 11:45:26] currRead:[05-08 11:45:26] currWrite:[05-08 11:45:26] readBehind:0 currReadOffset:0 offsetBehind:0 behindMaster:0 enqPutQueue:0 deqGetQueue:0 deqPutQueue:0 allCongestNum:0 enqExpiredStoreTime:01-01 00:00:00
2026-05-08 19:45:36 INFO FlushRealTimeService - PERF_COUNTER_FLUSH_DATA_TIME_MS[2026-05-08 11:45:36.182] num:20 cost:10025 tps:2.0050 min:0 max:1 tp50:0 tp80:0 tp90:0 tp99:1 tp999:1 0_1:20 2_5:0 6_10:0 11_50:0 51_100:0 101_500:0 501_999:0 1000_:0
2026-05-08 19:45:36 INFO TimerFlushService - [ASYNC_MASTER]Timer progress-check commitRead:[05-08 11:45:36] currRead:[05-08 11:45:36] currWrite:[05-08 11:45:36] readBehind:0 currReadOffset:0 offsetBehind:0 behindMaster:0 enqPutQueue:0 deqGetQueue:0 deqPutQueue:0 allCongestNum:0 enqExpiredStoreTime:01-01 00:00:00
2026-05-08 19:45:46 INFO FlushRealTimeService - PERF_COUNTER_FLUSH_DATA_TIME_MS[2026-05-08 11:45:46.205] num:20 cost:10023 tps:2.0054 min:0 max:99999999 tp50:0 tp80:0 tp90:0 tp99:0 tp999:0 0_1:20 2_5:0 6_10:0 11_50:0 51_100:0 101_500:0 501_999:0 1000_:0
2026-05-08 19:45:47 INFO TimerFlushService - [ASYNC_MASTER]Timer progress-check commitRead:[05-08 11:45:47] currRead:[05-08 11:45:47] currWrite:[05-08 11:45:47] readBehind:0 currReadOffset:0 offsetBehind:0 behindMaster:0 enqPutQueue:0 deqGetQueue:0 deqPutQueue:0 allCongestNum:0 enqExpiredStoreTime:01-01 00:00:00
2026-05-08 19:45:54 INFO compactionSchedule_2 - start to scan all topicConfig
2026-05-08 19:45:54 INFO compactionSchedule_2 - scan all topicConfig over
2026-05-08 19:45:56 INFO FlushRealTimeService - PERF_COUNTER_FLUSH_DATA_TIME_MS[2026-05-08 11:45:56.236] num:20 cost:10029 tps:2.0042 min:0 max:99999999 tp50:0 tp80:0 tp90:0 tp99:0 tp999:0 0_1:20 2_5:0 6_10:0 11_50:0 51_100:0 101_500:0 501_999:0 1000_:0
2026-05-08 19:45:57 INFO TimerFlushService - [ASYNC_MASTER]Timer progress-check commitRead:[05-08 11:45:57] currRead:[05-08 11:45:57] currWrite:[05-08 11:45:57] readBehind:0 currReadOffset:0 offsetBehind:0 behindMaster:0 enqPutQueue:0 deqGetQueue:0 deqPutQueue:0 allCongestNum:0 enqExpiredStoreTime:01-01 00:00:00
2026-05-08 19:46:06 INFO FlushRealTimeService - PERF_COUNTER_FLUSH_DATA_TIME_MS[2026-05-08 11:46:06.269] num:20 cost:10033 tps:2.0034 min:0 max:99999999 tp50:0 tp80:0 tp90:0 tp99:0 tp999:0 0_1:20 2_5:0 6_10:0 11_50:0 51_100:0 101_500:0 501_999:0 1000_:0
2026-05-08 19:46:07 INFO TimerFlushService - [ASYNC_MASTER]Timer progress-check commitRead:[05-08 11:46:07] currRead:[05-08 11:46:07] currWrite:[05-08 11:46:07] readBehind:0 currReadOffset:0 offsetBehind:0 behindMaster:0 enqPutQueue:0 deqGetQueue:0 deqPutQueue:0 allCongestNum:0 enqExpiredStoreTime:01-01 00:00:00
2026-05-08 19:46:16 INFO FlushRealTimeService - PERF_COUNTER_FLUSH_DATA_TIME_MS[2026-05-08 11:46:16.293] num:20 cost:10023 tps:2.0054 min:0 max:1 tp50:0 tp80:0 tp90:0 tp99:1 tp999:1 0_1:20 2_5:0 6_10:0 11_50:0 51_100:0 101_500:0 501_999:0 1000_:0
2026-05-08 19:46:18 INFO TimerFlushService - [ASYNC_MASTER]Timer progress-check commitRead:[05-08 11:46:17] currRead:[05-08 11:46:17] currWrite:[05-08 11:46:18] readBehind:1 currReadOffset:0 offsetBehind:0 behindMaster:0 enqPutQueue:0 deqGetQueue:0 deqPutQueue:0 allCongestNum:0 enqExpiredStoreTime:01-01 00:00:00
2026-05-08 19:46:24 INFO compactionSchedule_1 - start to scan all topicConfig
2026-05-08 19:46:24 INFO compactionSchedule_1 - scan all topicConfig over
2026-05-08 19:46:25 INFO StoreStatsService - [STORETPS] put_tps 0.0 get_found_tps 0.0 get_miss_tps 38.36044848121902 get_transferred_tps 0.0
2026-05-08 19:46:25 INFO StoreStatsService - findPutMessageEntireTimePX 0.99=0.00ms cost 0ms
2026-05-08 19:46:25 INFO StoreStatsService - findPutMessageEntireTimePX 0.999=0.00ms cost 0ms
2026-05-08 19:46:25 INFO StoreStatsService - [PAGECACHERT] TotalPut 0, PutMessageDistributeTime [<=0ms]:0 [0~10ms]:0 [10~50ms]:0 [50~100ms]:0 [100~200ms]:0 [200~500ms]:0 [500ms~1s]:0 [1~2s]:0 [2~3s]:0 [3~4s]:0 [4~5s]:0 [5~10s]:0 [10s~]:0 
2026-05-08 19:46:26 INFO FlushRealTimeService - PERF_COUNTER_FLUSH_DATA_TIME_MS[2026-05-08 11:46:26.319] num:20 cost:10025 tps:2.0050 min:0 max:99999999 tp50:0 tp80:0 tp90:0 tp99:0 tp999:0 0_1:20 2_5:0 6_10:0 11_50:0 51_100:0 101_500:0 501_999:0 1000_:0
2026-05-08 19:46:28 INFO TimerFlushService - [ASYNC_MASTER]Timer progress-check commitRead:[05-08 11:46:28] currRead:[05-08 11:46:28] currWrite:[05-08 11:46:28] readBehind:0 currReadOffset:0 offsetBehind:0 behindMaster:0 enqPutQueue:0 deqGetQueue:0 deqPutQueue:0 allCongestNum:0 enqExpiredStoreTime:01-01 00:00:00
2026-05-08 19:46:36 INFO FlushRealTimeService - PERF_COUNTER_FLUSH_DATA_TIME_MS[2026-05-08 11:46:36.354] num:20 cost:10035 tps:2.0030 min:0 max:1 tp50:0 tp80:0 tp90:0 tp99:1 tp999:1 0_1:20 2_5:0 6_10:0 11_50:0 51_100:0 101_500:0 501_999:0 1000_:0
2026-05-08 19:46:38 INFO TimerFlushService - [ASYNC_MASTER]Timer progress-check commitRead:[05-08 11:46:38] currRead:[05-08 11:46:38] currWrite:[05-08 11:46:38] readBehind:0 currReadOffset:0 offsetBehind:0 behindMaster:0 enqPutQueue:0 deqGetQueue:0 deqPutQueue:0 allCongestNum:0 enqExpiredStoreTime:01-01 00:00:00
2026-05-08 19:46:46 INFO FlushRealTimeService - PERF_COUNTER_FLUSH_DATA_TIME_MS[2026-05-08 11:46:46.374] num:20 cost:10020 tps:2.0060 min:0 max:99999999 tp50:0 tp80:0 tp90:0 tp99:0 tp999:0 0_1:20 2_5:0 6_10:0 11_50:0 51_100:0 101_500:0 501_999:0 1000_:0
2026-05-08 19:46:48 INFO TimerFlushService - [ASYNC_MASTER]Timer progress-check commitRead:[05-08 11:46:48] currRead:[05-08 11:46:48] currWrite:[05-08 11:46:48] readBehind:0 currReadOffset:0 offsetBehind:0 behindMaster:0 enqPutQueue:0 deqGetQueue:0 deqPutQueue:0 allCongestNum:0 enqExpiredStoreTime:01-01 00:00:00
2026-05-08 19:46:54 INFO compactionSchedule_3 - start to scan all topicConfig
2026-05-08 19:46:54 INFO compactionSchedule_3 - scan all topicConfig over
2026-05-08 19:46:56 INFO FlushRealTimeService - PERF_COUNTER_FLUSH_DATA_TIME_MS[2026-05-08 11:46:56.408] num:20 cost:10034 tps:2.0032 min:0 max:99999999 tp50:0 tp80:0 tp90:0 tp99:0 tp999:0 0_1:20 2_5:0 6_10:0 11_50:0 51_100:0 101_500:0 501_999:0 1000_:0
2026-05-08 19:46:58 INFO TimerFlushService - [ASYNC_MASTER]Timer progress-check commitRead:[05-08 11:46:58] currRead:[05-08 11:46:58] currWrite:[05-08 11:46:58] readBehind:0 currReadOffset:0 offsetBehind:0 behindMaster:0 enqPutQueue:0 deqGetQueue:0 deqPutQueue:0 allCongestNum:0 enqExpiredStoreTime:01-01 00:00:00
2026-05-08 19:47:06 INFO FlushRealTimeService - PERF_COUNTER_FLUSH_DATA_TIME_MS[2026-05-08 11:47:06.442] num:20 cost:10033 tps:2.0034 min:0 max:1 tp50:0 tp80:0 tp90:0 tp99:1 tp999:1 0_1:20 2_5:0 6_10:0 11_50:0 51_100:0 101_500:0 501_999:0 1000_:0
2026-05-08 19:47:08 INFO TimerFlushService - [ASYNC_MASTER]Timer progress-check commitRead:[05-08 11:47:08] currRead:[05-08 11:47:08] currWrite:[05-08 11:47:08] readBehind:0 currReadOffset:0 offsetBehind:0 behindMaster:0 enqPutQueue:0 deqGetQueue:0 deqPutQueue:0 allCongestNum:0 enqExpiredStoreTime:01-01 00:00:00
2026-05-08 19:47:16 INFO FlushRealTimeService - PERF_COUNTER_FLUSH_DATA_TIME_MS[2026-05-08 11:47:16.469] num:20 cost:10027 tps:2.0046 min:0 max:99999999 tp50:0 tp80:0 tp90:0 tp99:0 tp999:0 0_1:20 2_5:0 6_10:0 11_50:0 51_100:0 101_500:0 501_999:0 1000_:0
2026-05-08 19:47:18 INFO TimerFlushService - [ASYNC_MASTER]Timer progress-check commitRead:[05-08 11:47:18] currRead:[05-08 11:47:18] currWrite:[05-08 11:47:18] readBehind:0 currReadOffset:0 offsetBehind:0 behindMaster:0 enqPutQueue:0 deqGetQueue:0 deqPutQueue:0 allCongestNum:0 enqExpiredStoreTime:01-01 00:00:00
2026-05-08 19:47:24 INFO compactionSchedule_2 - start to scan all topicConfig
2026-05-08 19:47:24 INFO compactionSchedule_2 - scan all topicConfig over
2026-05-08 19:47:25 INFO StoreStatsService - [STORETPS] put_tps 0.0 get_found_tps 0.0 get_miss_tps 42.28586643590555 get_transferred_tps 0.0
2026-05-08 19:47:25 INFO StoreStatsService - findPutMessageEntireTimePX 0.99=0.00ms cost 0ms
2026-05-08 19:47:25 INFO StoreStatsService - findPutMessageEntireTimePX 0.999=0.00ms cost 0ms
2026-05-08 19:47:25 INFO StoreStatsService - [PAGECACHERT] TotalPut 0, PutMessageDistributeTime [<=0ms]:0 [0~10ms]:0 [10~50ms]:0 [50~100ms]:0 [100~200ms]:0 [200~500ms]:0 [500ms~1s]:0 [1~2s]:0 [2~3s]:0 [3~4s]:0 [4~5s]:0 [5~10s]:0 [10s~]:0 
2026-05-08 19:47:26 INFO FlushRealTimeService - PERF_COUNTER_FLUSH_DATA_TIME_MS[2026-05-08 11:47:26.494] num:20 cost:10025 tps:2.0050 min:0 max:99999999 tp50:0 tp80:0 tp90:0 tp99:0 tp999:0 0_1:20 2_5:0 6_10:0 11_50:0 51_100:0 101_500:0 501_999:0 1000_:0
2026-05-08 19:47:29 INFO TimerFlushService - [ASYNC_MASTER]Timer progress-check commitRead:[05-08 11:47:29] currRead:[05-08 11:47:29] currWrite:[05-08 11:47:29] readBehind:0 currReadOffset:0 offsetBehind:0 behindMaster:0 enqPutQueue:0 deqGetQueue:0 deqPutQueue:0 allCongestNum:0 enqExpiredStoreTime:01-01 00:00:00
2026-05-08 19:47:36 INFO FlushRealTimeService - PERF_COUNTER_FLUSH_DATA_TIME_MS[2026-05-08 11:47:36.508] num:20 cost:10013 tps:2.0074 min:0 max:99999999 tp50:0 tp80:0 tp90:0 tp99:0 tp999:0 0_1:20 2_5:0 6_10:0 11_50:0 51_100:0 101_500:0 501_999:0 1000_:0
2026-05-08 19:47:39 INFO TimerFlushService - [ASYNC_MASTER]Timer progress-check commitRead:[05-08 11:47:39] currRead:[05-08 11:47:39] currWrite:[05-08 11:47:39] readBehind:0 currReadOffset:0 offsetBehind:0 behindMaster:0 enqPutQueue:0 deqGetQueue:0 deqPutQueue:0 allCongestNum:0 enqExpiredStoreTime:01-01 00:00:00
2026-05-08 19:47:46 INFO FlushRealTimeService - PERF_COUNTER_FLUSH_DATA_TIME_MS[2026-05-08 11:47:46.521] num:20 cost:10013 tps:2.0074 min:0 max:99999999 tp50:0 tp80:0 tp90:0 tp99:0 tp999:0 0_1:20 2_5:0 6_10:0 11_50:0 51_100:0 101_500:0 501_999:0 1000_:0
2026-05-08 19:47:49 INFO TimerFlushService - [ASYNC_MASTER]Timer progress-check commitRead:[05-08 11:47:49] currRead:[05-08 11:47:49] currWrite:[05-08 11:47:49] readBehind:0 currReadOffset:0 offsetBehind:0 behindMaster:0 enqPutQueue:0 deqGetQueue:0 deqPutQueue:0 allCongestNum:0 enqExpiredStoreTime:01-01 00:00:00
2026-05-08 19:47:54 INFO compactionSchedule_2 - start to scan all topicConfig
2026-05-08 19:47:54 INFO compactionSchedule_2 - scan all topicConfig over
2026-05-08 19:47:56 INFO FlushRealTimeService - PERF_COUNTER_FLUSH_DATA_TIME_MS[2026-05-08 11:47:56.549] num:20 cost:10028 tps:2.0044 min:0 max:99999999 tp50:0 tp80:0 tp90:0 tp99:0 tp999:0 0_1:20 2_5:0 6_10:0 11_50:0 51_100:0 101_500:0 501_999:0 1000_:0
2026-05-08 19:47:59 INFO TimerFlushService - [ASYNC_MASTER]Timer progress-check commitRead:[05-08 11:47:59] currRead:[05-08 11:47:59] currWrite:[05-08 11:47:59] readBehind:0 currReadOffset:0 offsetBehind:0 behindMaster:0 enqPutQueue:0 deqGetQueue:0 deqPutQueue:0 allCongestNum:0 enqExpiredStoreTime:01-01 00:00:00
2026-05-08 19:48:06 INFO FlushRealTimeService - PERF_COUNTER_FLUSH_DATA_TIME_MS[2026-05-08 11:48:06.565] num:20 cost:10016 tps:2.0068 min:0 max:99999999 tp50:0 tp80:0 tp90:0 tp99:0 tp999:0 0_1:20 2_5:0 6_10:0 11_50:0 51_100:0 101_500:0 501_999:0 1000_:0
2026-05-08 19:48:09 INFO TimerFlushService - [ASYNC_MASTER]Timer progress-check commitRead:[05-08 11:48:09] currRead:[05-08 11:48:09] currWrite:[05-08 11:48:09] readBehind:0 currReadOffset:0 offsetBehind:0 behindMaster:0 enqPutQueue:0 deqGetQueue:0 deqPutQueue:0 allCongestNum:0 enqExpiredStoreTime:01-01 00:00:00
2026-05-08 19:48:16 INFO FlushRealTimeService - PERF_COUNTER_FLUSH_DATA_TIME_MS[2026-05-08 11:48:16.585] num:20 cost:10019 tps:2.0062 min:0 max:99999999 tp50:0 tp80:0 tp90:0 tp99:0 tp999:0 0_1:20 2_5:0 6_10:0 11_50:0 51_100:0 101_500:0 501_999:0 1000_:0
2026-05-08 19:48:20 INFO TimerFlushService - [ASYNC_MASTER]Timer progress-check commitRead:[05-08 11:48:19] currRead:[05-08 11:48:19] currWrite:[05-08 11:48:20] readBehind:1 currReadOffset:0 offsetBehind:0 behindMaster:0 enqPutQueue:0 deqGetQueue:0 deqPutQueue:0 allCongestNum:0 enqExpiredStoreTime:01-01 00:00:00
2026-05-08 19:48:24 INFO compactionSchedule_2 - start to scan all topicConfig
2026-05-08 19:48:24 INFO compactionSchedule_2 - scan all topicConfig over
2026-05-08 19:48:25 INFO StoreStatsService - [STORETPS] put_tps 0.0 get_found_tps 0.0 get_miss_tps 39.82757472871314 get_transferred_tps 0.0
2026-05-08 19:48:25 INFO StoreStatsService - findPutMessageEntireTimePX 0.99=0.00ms cost 1ms
2026-05-08 19:48:25 INFO StoreStatsService - findPutMessageEntireTimePX 0.999=0.00ms cost 0ms
2026-05-08 19:48:25 INFO StoreStatsService - [PAGECACHERT] TotalPut 0, PutMessageDistributeTime [<=0ms]:0 [0~10ms]:0 [10~50ms]:0 [50~100ms]:0 [100~200ms]:0 [200~500ms]:0 [500ms~1s]:0 [1~2s]:0 [2~3s]:0 [3~4s]:0 [4~5s]:0 [5~10s]:0 [10s~]:0 
2026-05-08 19:48:26 INFO FlushRealTimeService - PERF_COUNTER_FLUSH_DATA_TIME_MS[2026-05-08 11:48:26.603] num:20 cost:10017 tps:2.0066 min:0 max:99999999 tp50:0 tp80:0 tp90:0 tp99:0 tp999:0 0_1:20 2_5:0 6_10:0 11_50:0 51_100:0 101_500:0 501_999:0 1000_:0
2026-05-08 19:48:30 INFO TimerFlushService - [ASYNC_MASTER]Timer progress-check commitRead:[05-08 11:48:30] currRead:[05-08 11:48:30] currWrite:[05-08 11:48:30] readBehind:0 currReadOffset:0 offsetBehind:0 behindMaster:0 enqPutQueue:0 deqGetQueue:0 deqPutQueue:0 allCongestNum:0 enqExpiredStoreTime:01-01 00:00:00
2026-05-08 19:48:36 INFO FlushRealTimeService - PERF_COUNTER_FLUSH_DATA_TIME_MS[2026-05-08 11:48:36.629] num:20 cost:10026 tps:2.0048 min:0 max:99999999 tp50:0 tp80:0 tp90:0 tp99:0 tp999:0 0_1:20 2_5:0 6_10:0 11_50:0 51_100:0 101_500:0 501_999:0 1000_:0
2026-05-08 19:48:40 INFO TimerFlushService - [ASYNC_MASTER]Timer progress-check commitRead:[05-08 11:48:40] currRead:[05-08 11:48:40] currWrite:[05-08 11:48:40] readBehind:0 currReadOffset:0 offsetBehind:0 behindMaster:0 enqPutQueue:0 deqGetQueue:0 deqPutQueue:0 allCongestNum:0 enqExpiredStoreTime:01-01 00:00:00
2026-05-08 19:48:46 INFO FlushRealTimeService - PERF_COUNTER_FLUSH_DATA_TIME_MS[2026-05-08 11:48:46.655] num:20 cost:10026 tps:2.0048 min:0 max:99999999 tp50:0 tp80:0 tp90:0 tp99:0 tp999:0 0_1:20 2_5:0 6_10:0 11_50:0 51_100:0 101_500:0 501_999:0 1000_:0
2026-05-08 19:48:50 INFO TimerFlushService - [ASYNC_MASTER]Timer progress-check commitRead:[05-08 11:48:50] currRead:[05-08 11:48:50] currWrite:[05-08 11:48:50] readBehind:0 currReadOffset:0 offsetBehind:0 behindMaster:0 enqPutQueue:0 deqGetQueue:0 deqPutQueue:0 allCongestNum:0 enqExpiredStoreTime:01-01 00:00:00
2026-05-08 19:48:54 INFO compactionSchedule_2 - start to scan all topicConfig
2026-05-08 19:48:54 INFO compactionSchedule_2 - scan all topicConfig over
2026-05-08 19:48:56 INFO FlushRealTimeService - PERF_COUNTER_FLUSH_DATA_TIME_MS[2026-05-08 11:48:56.684] num:20 cost:10029 tps:2.0042 min:0 max:99999999 tp50:0 tp80:0 tp90:0 tp99:0 tp999:0 0_1:20 2_5:0 6_10:0 11_50:0 51_100:0 101_500:0 501_999:0 1000_:0
2026-05-08 19:49:01 INFO TimerFlushService - [ASYNC_MASTER]Timer progress-check commitRead:[05-08 11:49:00] currRead:[05-08 11:49:00] currWrite:[05-08 11:49:00] readBehind:1 currReadOffset:0 offsetBehind:0 behindMaster:0 enqPutQueue:0 deqGetQueue:0 deqPutQueue:0 allCongestNum:0 enqExpiredStoreTime:01-01 00:00:00
2026-05-08 19:49:06 INFO FlushRealTimeService - PERF_COUNTER_FLUSH_DATA_TIME_MS[2026-05-08 11:49:06.733] num:20 cost:10049 tps:2.0002 min:0 max:99999999 tp50:0 tp80:0 tp90:0 tp99:0 tp999:0 0_1:20 2_5:0 6_10:0 11_50:0 51_100:0 101_500:0 501_999:0 1000_:0
2026-05-08 19:49:11 INFO TimerFlushService - [ASYNC_MASTER]Timer progress-check commitRead:[05-08 11:49:11] currRead:[05-08 11:49:11] currWrite:[05-08 11:49:11] readBehind:0 currReadOffset:0 offsetBehind:0 behindMaster:0 enqPutQueue:0 deqGetQueue:0 deqPutQueue:0 allCongestNum:0 enqExpiredStoreTime:01-01 00:00:00
2026-05-08 19:49:16 INFO FlushRealTimeService - PERF_COUNTER_FLUSH_DATA_TIME_MS[2026-05-08 11:49:16.768] num:20 cost:10035 tps:2.0030 min:0 max:99999999 tp50:0 tp80:0 tp90:0 tp99:0 tp999:0 0_1:20 2_5:0 6_10:0 11_50:0 51_100:0 101_500:0 501_999:0 1000_:0
2026-05-08 19:49:21 INFO TimerFlushService - [ASYNC_MASTER]Timer progress-check commitRead:[05-08 11:49:21] currRead:[05-08 11:49:21] currWrite:[05-08 11:49:21] readBehind:0 currReadOffset:0 offsetBehind:0 behindMaster:0 enqPutQueue:0 deqGetQueue:0 deqPutQueue:0 allCongestNum:0 enqExpiredStoreTime:01-01 00:00:00
2026-05-08 19:49:24 INFO compactionSchedule_2 - start to scan all topicConfig
2026-05-08 19:49:24 INFO compactionSchedule_2 - scan all topicConfig over
2026-05-08 19:49:26 INFO StoreStatsService - [STORETPS] put_tps 0.0 get_found_tps 0.0 get_miss_tps 39.50432468396541 get_transferred_tps 0.0
2026-05-08 19:49:26 INFO StoreStatsService - findPutMessageEntireTimePX 0.99=0.00ms cost 0ms
2026-05-08 19:49:26 INFO StoreStatsService - findPutMessageEntireTimePX 0.999=0.00ms cost 0ms
2026-05-08 19:49:26 INFO StoreStatsService - [PAGECACHERT] TotalPut 0, PutMessageDistributeTime [<=0ms]:0 [0~10ms]:0 [10~50ms]:0 [50~100ms]:0 [100~200ms]:0 [200~500ms]:0 [500ms~1s]:0 [1~2s]:0 [2~3s]:0 [3~4s]:0 [4~5s]:0 [5~10s]:0 [10s~]:0 
2026-05-08 19:49:26 INFO FlushRealTimeService - PERF_COUNTER_FLUSH_DATA_TIME_MS[2026-05-08 11:49:26.795] num:20 cost:10027 tps:2.0046 min:0 max:99999999 tp50:0 tp80:0 tp90:0 tp99:0 tp999:0 0_1:20 2_5:0 6_10:0 11_50:0 51_100:0 101_500:0 501_999:0 1000_:0
2026-05-08 19:49:31 INFO TimerFlushService - [ASYNC_MASTER]Timer progress-check commitRead:[05-08 11:49:31] currRead:[05-08 11:49:31] currWrite:[05-08 11:49:31] readBehind:0 currReadOffset:0 offsetBehind:0 behindMaster:0 enqPutQueue:0 deqGetQueue:0 deqPutQueue:0 allCongestNum:0 enqExpiredStoreTime:01-01 00:00:00
2026-05-08 19:49:36 INFO FlushRealTimeService - PERF_COUNTER_FLUSH_DATA_TIME_MS[2026-05-08 11:49:36.81] num:20 cost:10015 tps:2.0070 min:0 max:99999999 tp50:0 tp80:0 tp90:0 tp99:0 tp999:0 0_1:20 2_5:0 6_10:0 11_50:0 51_100:0 101_500:0 501_999:0 1000_:0
2026-05-08 19:49:41 INFO TimerFlushService - [ASYNC_MASTER]Timer progress-check commitRead:[05-08 11:49:41] currRead:[05-08 11:49:41] currWrite:[05-08 11:49:41] readBehind:0 currReadOffset:0 offsetBehind:0 behindMaster:0 enqPutQueue:0 deqGetQueue:0 deqPutQueue:0 allCongestNum:0 enqExpiredStoreTime:01-01 00:00:00
2026-05-08 19:49:46 INFO FlushRealTimeService - PERF_COUNTER_FLUSH_DATA_TIME_MS[2026-05-08 11:49:46.839] num:20 cost:10028 tps:2.0044 min:0 max:99999999 tp50:0 tp80:0 tp90:0 tp99:0 tp999:0 0_1:20 2_5:0 6_10:0 11_50:0 51_100:0 101_500:0 501_999:0 1000_:0
2026-05-08 19:49:51 INFO TimerFlushService - [ASYNC_MASTER]Timer progress-check commitRead:[05-08 11:49:51] currRead:[05-08 11:49:51] currWrite:[05-08 11:49:51] readBehind:0 currReadOffset:0 offsetBehind:0 behindMaster:0 enqPutQueue:0 deqGetQueue:0 deqPutQueue:0 allCongestNum:0 enqExpiredStoreTime:01-01 00:00:00
2026-05-08 19:49:54 INFO compactionSchedule_2 - start to scan all topicConfig
2026-05-08 19:49:54 INFO compactionSchedule_2 - scan all topicConfig over
2026-05-08 19:49:56 INFO FlushRealTimeService - PERF_COUNTER_FLUSH_DATA_TIME_MS[2026-05-08 11:49:56.855] num:20 cost:10015 tps:2.0070 min:0 max:99999999 tp50:0 tp80:0 tp90:0 tp99:0 tp999:0 0_1:20 2_5:0 6_10:0 11_50:0 51_100:0 101_500:0 501_999:0 1000_:0
2026-05-08 19:50:02 INFO TimerFlushService - [ASYNC_MASTER]Timer progress-check commitRead:[05-08 11:50:02] currRead:[05-08 11:50:02] currWrite:[05-08 11:50:02] readBehind:0 currReadOffset:0 offsetBehind:0 behindMaster:0 enqPutQueue:0 deqGetQueue:0 deqPutQueue:0 allCongestNum:0 enqExpiredStoreTime:01-01 00:00:00
2026-05-08 19:50:06 INFO FlushRealTimeService - PERF_COUNTER_FLUSH_DATA_TIME_MS[2026-05-08 11:50:06.886] num:20 cost:10030 tps:2.0040 min:0 max:99999999 tp50:0 tp80:0 tp90:0 tp99:0 tp999:0 0_1:20 2_5:0 6_10:0 11_50:0 51_100:0 101_500:0 501_999:0 1000_:0
2026-05-08 19:50:12 INFO TimerFlushService - [ASYNC_MASTER]Timer progress-check commitRead:[05-08 11:50:12] currRead:[05-08 11:50:12] currWrite:[05-08 11:50:12] readBehind:0 currReadOffset:0 offsetBehind:0 behindMaster:0 enqPutQueue:0 deqGetQueue:0 deqPutQueue:0 allCongestNum:0 enqExpiredStoreTime:01-01 00:00:00
2026-05-08 19:50:16 INFO FlushRealTimeService - PERF_COUNTER_FLUSH_DATA_TIME_MS[2026-05-08 11:50:16.912] num:20 cost:10026 tps:2.0048 min:0 max:99999999 tp50:0 tp80:0 tp90:0 tp99:0 tp999:0 0_1:20 2_5:0 6_10:0 11_50:0 51_100:0 101_500:0 501_999:0 1000_:0
2026-05-08 19:50:22 INFO TimerFlushService - [ASYNC_MASTER]Timer progress-check commitRead:[05-08 11:50:22] currRead:[05-08 11:50:22] currWrite:[05-08 11:50:22] readBehind:0 currReadOffset:0 offsetBehind:0 behindMaster:0 enqPutQueue:0 deqGetQueue:0 deqPutQueue:0 allCongestNum:0 enqExpiredStoreTime:01-01 00:00:00
2026-05-08 19:50:24 INFO compactionSchedule_4 - start to scan all topicConfig
2026-05-08 19:50:24 INFO compactionSchedule_4 - scan all topicConfig over
2026-05-08 19:50:26 INFO StoreStatsService - [STORETPS] put_tps 0.0 get_found_tps 0.0 get_miss_tps 42.25961618481716 get_transferred_tps 0.0
2026-05-08 19:50:26 INFO StoreStatsService - findPutMessageEntireTimePX 0.99=0.00ms cost 1ms
2026-05-08 19:50:26 INFO StoreStatsService - findPutMessageEntireTimePX 0.999=0.00ms cost 0ms
2026-05-08 19:50:26 INFO StoreStatsService - [PAGECACHERT] TotalPut 0, PutMessageDistributeTime [<=0ms]:0 [0~10ms]:0 [10~50ms]:0 [50~100ms]:0 [100~200ms]:0 [200~500ms]:0 [500ms~1s]:0 [1~2s]:0 [2~3s]:0 [3~4s]:0 [4~5s]:0 [5~10s]:0 [10s~]:0 
2026-05-08 19:50:26 INFO FlushRealTimeService - PERF_COUNTER_FLUSH_DATA_TIME_MS[2026-05-08 11:50:26.943] num:20 cost:10028 tps:2.0044 min:0 max:99999999 tp50:0 tp80:0 tp90:0 tp99:0 tp999:0 0_1:20 2_5:0 6_10:0 11_50:0 51_100:0 101_500:0 501_999:0 1000_:0
2026-05-08 19:50:33 INFO TimerFlushService - [ASYNC_MASTER]Timer progress-check commitRead:[05-08 11:50:33] currRead:[05-08 11:50:33] currWrite:[05-08 11:50:33] readBehind:0 currReadOffset:0 offsetBehind:0 behindMaster:0 enqPutQueue:0 deqGetQueue:0 deqPutQueue:0 allCongestNum:0 enqExpiredStoreTime:01-01 00:00:00
2026-05-08 19:50:36 INFO FlushRealTimeService - PERF_COUNTER_FLUSH_DATA_TIME_MS[2026-05-08 11:50:36.986] num:20 cost:10042 tps:2.0016 min:0 max:99999999 tp50:0 tp80:0 tp90:0 tp99:0 tp999:0 0_1:20 2_5:0 6_10:0 11_50:0 51_100:0 101_500:0 501_999:0 1000_:0
2026-05-08 19:50:43 INFO TimerFlushService - [ASYNC_MASTER]Timer progress-check commitRead:[05-08 11:50:43] currRead:[05-08 11:50:43] currWrite:[05-08 11:50:43] readBehind:0 currReadOffset:0 offsetBehind:0 behindMaster:0 enqPutQueue:0 deqGetQueue:0 deqPutQueue:0 allCongestNum:0 enqExpiredStoreTime:01-01 00:00:00
2026-05-08 19:50:47 INFO FlushRealTimeService - PERF_COUNTER_FLUSH_DATA_TIME_MS[2026-05-08 11:50:47.004] num:20 cost:10017 tps:2.0066 min:0 max:99999999 tp50:0 tp80:0 tp90:0 tp99:0 tp999:0 0_1:20 2_5:0 6_10:0 11_50:0 51_100:0 101_500:0 501_999:0 1000_:0
2026-05-08 19:50:52 WARN main - Load default HA Service: DefaultHAService
2026-05-08 19:50:52 INFO main - timer checkpoint file exists, /home/rocketmq/store/config/timercheck
2026-05-08 19:50:52 INFO main - timer checkpoint file lastReadTimeMs 1778241049000, 20260508115049000
2026-05-08 19:50:52 INFO main - timer checkpoint file lastTimerLogFlushPos 0
2026-05-08 19:50:52 INFO main - timer checkpoint file lastTimerQueueOffset 0
2026-05-08 19:50:52 INFO main - timer checkpoint file masterTimerQueueOffset 0
2026-05-08 19:50:52 INFO main - timer checkpoint file data version state version 0
2026-05-08 19:50:52 INFO main - timer checkpoint file data version timestamp 1778241049423
2026-05-08 19:50:52 INFO main - timer checkpoint file data version counter 376
2026-05-08 19:50:52 INFO main - last shutdown abnormally, store path root dir: /home/rocketmq/store
2026-05-08 19:50:52 INFO main - load commit log OK
2026-05-08 19:50:52 INFO main - load SimpleCQ all over, OK
2026-05-08 19:50:52 INFO main - load BatchCQ all over, OK
2026-05-08 19:50:52 INFO main - compactionStore /home/rocketmq/store/compaction/compactionLog:/home/rocketmq/store/compaction/compactionCq load completed.
2026-05-08 19:50:52 INFO main - loop to scan all topicConfig with fixed delay 30000ms
2026-05-08 19:50:52 INFO main - store checkpoint file exists, /home/rocketmq/store/checkpoint
2026-05-08 19:50:52 INFO main - store checkpoint file physicMsgTimestamp 0, 19700101000000000
2026-05-08 19:50:52 INFO main - store checkpoint file logicsMsgTimestamp 0, 19700101000000000
2026-05-08 19:50:52 INFO main - store checkpoint file indexMsgTimestamp 0, 19700101000000000
2026-05-08 19:50:52 INFO main - store checkpoint file masterFlushedOffset 0
2026-05-08 19:50:52 INFO main - store checkpoint file confirmPhyOffset 0
2026-05-08 19:50:52 INFO main - message store recover mode: normal
2026-05-08 19:50:52 WARN main - The commitlog files are deleted, and delete the consume queue files
2026-05-08 19:50:52 INFO main - message store recover total cost: 0 ms, recoverConsumeQueue: 0 ms, recoverCommitLog: 0 ms, recoverOffsetTable: 0 ms
2026-05-08 19:50:52 INFO main - message store recover end, and the max phy offset = 0
2026-05-08 19:50:52 INFO main - load over, and the max phy offset = 0
2026-05-08 19:50:52 INFO main - Begin to recover timerLog offset:0 check:true
2026-05-08 19:50:52 INFO main - Timer recover ok currReadTimerMs:1778241049000 currQueueOffset:0 checkQueueOffset:0 processOffset:0
2026-05-08 19:50:53 INFO AllocateMappedFileService - AllocateMappedFileService service started
2026-05-08 19:50:53 INFO ReputMessageService - ReputMessageService service started
2026-05-08 19:50:53 INFO FlushConsumeQueueService - FlushConsumeQueueService service started
2026-05-08 19:50:53 INFO main - start commitLog successfully. storeRoot: /home/rocketmq/store
2026-05-08 19:50:53 INFO FlushRealTimeService - FlushRealTimeService service started
2026-05-08 19:50:53 INFO ColdDataCheckService - ColdDataCheckService service started
2026-05-08 19:50:53 INFO main - Default ConsumeQueueStore start!
2026-05-08 19:50:53 INFO StoreStatsService - StoreStatsService service started
2026-05-08 19:50:53 INFO DefaultAcceptSocketService - DefaultAcceptSocketService service started
2026-05-08 19:50:53 INFO GroupTransferService - GroupTransferService service started
2026-05-08 19:50:53 INFO HAConnectionStateNotificationService - HAConnectionStateNotificationService service started
2026-05-08 19:50:53 INFO main - /home/rocketmq/store/abort already exists
2026-05-08 19:50:53 INFO org.apache.rocketmq.store.util.PerfCounter$Ticks - org.apache.rocketmq.store.util.PerfCounter$Ticks get started
2026-05-08 19:50:53 INFO TimerEnqueueGetService - TimerEnqueueGetService service start
2026-05-08 19:50:53 INFO TimerEnqueuePutService - TimerEnqueuePutService service start
2026-05-08 19:50:53 INFO TimerDequeueWarmService - TimerDequeueWarmService service start
2026-05-08 19:50:53 INFO TimerDequeueGetService - TimerDequeueGetService service start
2026-05-08 19:50:53 INFO TimerDequeueGetMessageService - TimerDequeueGetMessageService service start
2026-05-08 19:50:53 INFO TimerDequeueGetMessageService - TimerDequeueGetMessageService service start
2026-05-08 19:50:53 INFO TimerDequeueGetMessageService - TimerDequeueGetMessageService service start
2026-05-08 19:50:53 INFO TimerDequeuePutMessageService - TimerDequeuePutMessageService service start
2026-05-08 19:50:53 INFO TimerDequeuePutMessageService - TimerDequeuePutMessageService service start
2026-05-08 19:50:53 INFO TimerDequeuePutMessageService - TimerDequeuePutMessageService service start
2026-05-08 19:50:53 INFO TimerFlushService - TimerFlushService service start
2026-05-08 19:50:53 INFO main - Timer start ok currReadTimerMs:[2026-05-08 11:50:49.0] queueOffset:[0]
2026-05-08 19:51:03 INFO TimerFlushService - [ASYNC_MASTER]Timer progress-check commitRead:[05-08 11:51:03] currRead:[05-08 11:51:03] currWrite:[05-08 11:51:03] readBehind:0 currReadOffset:0 offsetBehind:0 behindMaster:0 enqPutQueue:0 deqGetQueue:0 deqPutQueue:0 allCongestNum:0 enqExpiredStoreTime:01-01 00:00:00
2026-05-08 19:51:04 INFO FlushRealTimeService - PERF_COUNTER_FLUSH_DATA_TIME_MS[2026-05-08 11:51:04.185] num:21 cost:10030 tps:2.1037 min:0 max:1 tp50:0 tp80:0 tp90:0 tp99:1 tp999:1 0_1:21 2_5:0 6_10:0 11_50:0 51_100:0 101_500:0 501_999:0 1000_:0
2026-05-08 19:51:14 INFO TimerFlushService - [ASYNC_MASTER]Timer progress-check commitRead:[05-08 11:51:14] currRead:[05-08 11:51:14] currWrite:[05-08 11:51:14] readBehind:0 currReadOffset:0 offsetBehind:0 behindMaster:0 enqPutQueue:0 deqGetQueue:0 deqPutQueue:0 allCongestNum:0 enqExpiredStoreTime:01-01 00:00:00
2026-05-08 19:51:14 INFO FlushRealTimeService - PERF_COUNTER_FLUSH_DATA_TIME_MS[2026-05-08 11:51:14.203] num:20 cost:10017 tps:2.0066 min:0 max:99999999 tp50:0 tp80:0 tp90:0 tp99:0 tp999:0 0_1:20 2_5:0 6_10:0 11_50:0 51_100:0 101_500:0 501_999:0 1000_:0
2026-05-08 19:51:22 INFO compactionSchedule_1 - start to scan all topicConfig
2026-05-08 19:51:22 INFO compactionSchedule_1 - scan all topicConfig over
2026-05-08 19:51:24 INFO FlushRealTimeService - PERF_COUNTER_FLUSH_DATA_TIME_MS[2026-05-08 11:51:24.22] num:20 cost:10017 tps:2.0066 min:0 max:99999999 tp50:0 tp80:0 tp90:0 tp99:0 tp999:0 0_1:20 2_5:0 6_10:0 11_50:0 51_100:0 101_500:0 501_999:0 1000_:0
2026-05-08 19:51:24 INFO TimerFlushService - [ASYNC_MASTER]Timer progress-check commitRead:[05-08 11:51:24] currRead:[05-08 11:51:24] currWrite:[05-08 11:51:24] readBehind:0 currReadOffset:0 offsetBehind:0 behindMaster:0 enqPutQueue:0 deqGetQueue:0 deqPutQueue:0 allCongestNum:0 enqExpiredStoreTime:01-01 00:00:00
2026-05-08 19:51:34 INFO FlushRealTimeService - PERF_COUNTER_FLUSH_DATA_TIME_MS[2026-05-08 11:51:34.25] num:20 cost:10029 tps:2.0042 min:0 max:99999999 tp50:0 tp80:0 tp90:0 tp99:0 tp999:0 0_1:20 2_5:0 6_10:0 11_50:0 51_100:0 101_500:0 501_999:0 1000_:0
2026-05-08 19:51:34 INFO TimerFlushService - [ASYNC_MASTER]Timer progress-check commitRead:[05-08 11:51:34] currRead:[05-08 11:51:34] currWrite:[05-08 11:51:34] readBehind:0 currReadOffset:0 offsetBehind:0 behindMaster:0 enqPutQueue:0 deqGetQueue:0 deqPutQueue:0 allCongestNum:0 enqExpiredStoreTime:01-01 00:00:00
2026-05-08 19:51:44 INFO FlushRealTimeService - PERF_COUNTER_FLUSH_DATA_TIME_MS[2026-05-08 11:51:44.269] num:20 cost:10018 tps:2.0064 min:0 max:99999999 tp50:0 tp80:0 tp90:0 tp99:0 tp999:0 0_1:20 2_5:0 6_10:0 11_50:0 51_100:0 101_500:0 501_999:0 1000_:0
2026-05-08 19:51:44 INFO TimerFlushService - [ASYNC_MASTER]Timer progress-check commitRead:[05-08 11:51:44] currRead:[05-08 11:51:44] currWrite:[05-08 11:51:44] readBehind:0 currReadOffset:0 offsetBehind:0 behindMaster:0 enqPutQueue:0 deqGetQueue:0 deqPutQueue:0 allCongestNum:0 enqExpiredStoreTime:01-01 00:00:00
