2026-05-08 19:44:25 INFO TransactionalOpBatchService - Start transaction op batch thread!
2026-05-08 19:44:25 INFO TransactionFlushService - TransactionFlushService service start
2026-05-08 19:44:25 INFO TransactionalMessageCheckService - Start transaction check service thread!
2026-05-08 19:44:55 INFO TransactionalMessageCheckService - Begin to check prepare message, begin time:1778240695531
2026-05-08 19:44:55 INFO TransactionalMessageCheckService - Before check, the queue=MessageQueue [topic=RMQ_SYS_TRANS_HALF_TOPIC, brokerName=broker-a, queueId=0] msgOffset=0 opOffset=0
2026-05-08 19:44:55 WARN TransactionalMessageCheckService - No new message. GetMessageStatus=NO_MESSAGE_IN_QUEUE, topic=RMQ_SYS_TRANS_OP_HALF_TOPIC, groupId=CID_RMQ_SYS_TRANS, requestOffset=0
2026-05-08 19:44:55 WARN TransactionalMessageCheckService - The miss op offset=0 in queue=MessageQueue [topic=RMQ_SYS_TRANS_OP_HALF_TOPIC, brokerName=broker-a, queueId=0] is NO_NEW_MSG, pullResult=PullResult [pullStatus=NO_NEW_MSG, nextBeginOffset=0, minOffset=0, maxOffset=0, msgFoundList=0]
2026-05-08 19:44:55 WARN TransactionalMessageCheckService - No new message. GetMessageStatus=NO_MESSAGE_IN_QUEUE, topic=RMQ_SYS_TRANS_HALF_TOPIC, groupId=CID_RMQ_SYS_TRANS, requestOffset=0
2026-05-08 19:44:55 WARN TransactionalMessageCheckService - No new message. GetMessageStatus=NO_MESSAGE_IN_QUEUE, topic=RMQ_SYS_TRANS_HALF_TOPIC, groupId=CID_RMQ_SYS_TRANS, requestOffset=0
2026-05-08 19:44:55 WARN TransactionalMessageCheckService - No new message. GetMessageStatus=NO_MESSAGE_IN_QUEUE, topic=RMQ_SYS_TRANS_OP_HALF_TOPIC, groupId=CID_RMQ_SYS_TRANS, requestOffset=0
2026-05-08 19:44:55 INFO TransactionalMessageCheckService - After check, MessageQueue [topic=RMQ_SYS_TRANS_HALF_TOPIC, brokerName=broker-a, queueId=0] opOffset=0 opOffsetDiff=0 msgOffset=0 msgOffsetDiff=0 msgTime=Fri May 08 11:44:55 UTC 2026 msgTimeDelayInMs=0 putInQueueCount=0
2026-05-08 19:44:55 INFO TransactionalMessageCheckService - End to check prepare message, consumed time:4
2026-05-08 19:45:25 INFO TransactionalMessageCheckService - Begin to check prepare message, begin time:1778240725535
2026-05-08 19:45:25 INFO TransactionalMessageCheckService - Before check, the queue=MessageQueue [topic=RMQ_SYS_TRANS_HALF_TOPIC, brokerName=broker-a, queueId=0] msgOffset=0 opOffset=0
2026-05-08 19:45:25 WARN TransactionalMessageCheckService - No new message. GetMessageStatus=NO_MESSAGE_IN_QUEUE, topic=RMQ_SYS_TRANS_OP_HALF_TOPIC, groupId=CID_RMQ_SYS_TRANS, requestOffset=0
2026-05-08 19:45:25 WARN TransactionalMessageCheckService - The miss op offset=0 in queue=MessageQueue [topic=RMQ_SYS_TRANS_OP_HALF_TOPIC, brokerName=broker-a, queueId=0] is NO_NEW_MSG, pullResult=PullResult [pullStatus=NO_NEW_MSG, nextBeginOffset=0, minOffset=0, maxOffset=0, msgFoundList=0]
2026-05-08 19:45:25 WARN TransactionalMessageCheckService - No new message. GetMessageStatus=NO_MESSAGE_IN_QUEUE, topic=RMQ_SYS_TRANS_HALF_TOPIC, groupId=CID_RMQ_SYS_TRANS, requestOffset=0
2026-05-08 19:45:25 WARN TransactionalMessageCheckService - No new message. GetMessageStatus=NO_MESSAGE_IN_QUEUE, topic=RMQ_SYS_TRANS_HALF_TOPIC, groupId=CID_RMQ_SYS_TRANS, requestOffset=0
2026-05-08 19:45:25 WARN TransactionalMessageCheckService - No new message. GetMessageStatus=NO_MESSAGE_IN_QUEUE, topic=RMQ_SYS_TRANS_OP_HALF_TOPIC, groupId=CID_RMQ_SYS_TRANS, requestOffset=0
2026-05-08 19:45:25 INFO TransactionalMessageCheckService - After check, MessageQueue [topic=RMQ_SYS_TRANS_HALF_TOPIC, brokerName=broker-a, queueId=0] opOffset=0 opOffsetDiff=0 msgOffset=0 msgOffsetDiff=0 msgTime=Fri May 08 11:45:25 UTC 2026 msgTimeDelayInMs=0 putInQueueCount=0
2026-05-08 19:45:25 INFO TransactionalMessageCheckService - End to check prepare message, consumed time:0
2026-05-08 19:45:55 INFO TransactionalMessageCheckService - Begin to check prepare message, begin time:1778240755536
2026-05-08 19:45:55 INFO TransactionalMessageCheckService - Before check, the queue=MessageQueue [topic=RMQ_SYS_TRANS_HALF_TOPIC, brokerName=broker-a, queueId=0] msgOffset=0 opOffset=0
2026-05-08 19:45:55 WARN TransactionalMessageCheckService - No new message. GetMessageStatus=NO_MESSAGE_IN_QUEUE, topic=RMQ_SYS_TRANS_OP_HALF_TOPIC, groupId=CID_RMQ_SYS_TRANS, requestOffset=0
2026-05-08 19:45:55 WARN TransactionalMessageCheckService - The miss op offset=0 in queue=MessageQueue [topic=RMQ_SYS_TRANS_OP_HALF_TOPIC, brokerName=broker-a, queueId=0] is NO_NEW_MSG, pullResult=PullResult [pullStatus=NO_NEW_MSG, nextBeginOffset=0, minOffset=0, maxOffset=0, msgFoundList=0]
2026-05-08 19:45:55 WARN TransactionalMessageCheckService - No new message. GetMessageStatus=NO_MESSAGE_IN_QUEUE, topic=RMQ_SYS_TRANS_HALF_TOPIC, groupId=CID_RMQ_SYS_TRANS, requestOffset=0
2026-05-08 19:45:55 WARN TransactionalMessageCheckService - No new message. GetMessageStatus=NO_MESSAGE_IN_QUEUE, topic=RMQ_SYS_TRANS_HALF_TOPIC, groupId=CID_RMQ_SYS_TRANS, requestOffset=0
2026-05-08 19:45:55 WARN TransactionalMessageCheckService - No new message. GetMessageStatus=NO_MESSAGE_IN_QUEUE, topic=RMQ_SYS_TRANS_OP_HALF_TOPIC, groupId=CID_RMQ_SYS_TRANS, requestOffset=0
2026-05-08 19:45:55 INFO TransactionalMessageCheckService - After check, MessageQueue [topic=RMQ_SYS_TRANS_HALF_TOPIC, brokerName=broker-a, queueId=0] opOffset=0 opOffsetDiff=0 msgOffset=0 msgOffsetDiff=0 msgTime=Fri May 08 11:45:55 UTC 2026 msgTimeDelayInMs=0 putInQueueCount=0
2026-05-08 19:45:55 INFO TransactionalMessageCheckService - End to check prepare message, consumed time:0
2026-05-08 19:46:25 INFO TransactionalMessageCheckService - Begin to check prepare message, begin time:1778240785536
2026-05-08 19:46:25 INFO TransactionalMessageCheckService - Before check, the queue=MessageQueue [topic=RMQ_SYS_TRANS_HALF_TOPIC, brokerName=broker-a, queueId=0] msgOffset=0 opOffset=0
2026-05-08 19:46:25 WARN TransactionalMessageCheckService - No new message. GetMessageStatus=NO_MESSAGE_IN_QUEUE, topic=RMQ_SYS_TRANS_OP_HALF_TOPIC, groupId=CID_RMQ_SYS_TRANS, requestOffset=0
2026-05-08 19:46:25 WARN TransactionalMessageCheckService - The miss op offset=0 in queue=MessageQueue [topic=RMQ_SYS_TRANS_OP_HALF_TOPIC, brokerName=broker-a, queueId=0] is NO_NEW_MSG, pullResult=PullResult [pullStatus=NO_NEW_MSG, nextBeginOffset=0, minOffset=0, maxOffset=0, msgFoundList=0]
2026-05-08 19:46:25 WARN TransactionalMessageCheckService - No new message. GetMessageStatus=NO_MESSAGE_IN_QUEUE, topic=RMQ_SYS_TRANS_HALF_TOPIC, groupId=CID_RMQ_SYS_TRANS, requestOffset=0
2026-05-08 19:46:25 WARN TransactionalMessageCheckService - No new message. GetMessageStatus=NO_MESSAGE_IN_QUEUE, topic=RMQ_SYS_TRANS_HALF_TOPIC, groupId=CID_RMQ_SYS_TRANS, requestOffset=0
2026-05-08 19:46:25 WARN TransactionalMessageCheckService - No new message. GetMessageStatus=NO_MESSAGE_IN_QUEUE, topic=RMQ_SYS_TRANS_OP_HALF_TOPIC, groupId=CID_RMQ_SYS_TRANS, requestOffset=0
2026-05-08 19:46:25 INFO TransactionalMessageCheckService - After check, MessageQueue [topic=RMQ_SYS_TRANS_HALF_TOPIC, brokerName=broker-a, queueId=0] opOffset=0 opOffsetDiff=0 msgOffset=0 msgOffsetDiff=0 msgTime=Fri May 08 11:46:25 UTC 2026 msgTimeDelayInMs=0 putInQueueCount=0
2026-05-08 19:46:25 INFO TransactionalMessageCheckService - End to check prepare message, consumed time:1
2026-05-08 19:46:55 INFO TransactionalMessageCheckService - Begin to check prepare message, begin time:1778240815540
2026-05-08 19:46:55 INFO TransactionalMessageCheckService - Before check, the queue=MessageQueue [topic=RMQ_SYS_TRANS_HALF_TOPIC, brokerName=broker-a, queueId=0] msgOffset=0 opOffset=0
2026-05-08 19:46:55 WARN TransactionalMessageCheckService - No new message. GetMessageStatus=NO_MESSAGE_IN_QUEUE, topic=RMQ_SYS_TRANS_OP_HALF_TOPIC, groupId=CID_RMQ_SYS_TRANS, requestOffset=0
2026-05-08 19:46:55 WARN TransactionalMessageCheckService - The miss op offset=0 in queue=MessageQueue [topic=RMQ_SYS_TRANS_OP_HALF_TOPIC, brokerName=broker-a, queueId=0] is NO_NEW_MSG, pullResult=PullResult [pullStatus=NO_NEW_MSG, nextBeginOffset=0, minOffset=0, maxOffset=0, msgFoundList=0]
2026-05-08 19:46:55 WARN TransactionalMessageCheckService - No new message. GetMessageStatus=NO_MESSAGE_IN_QUEUE, topic=RMQ_SYS_TRANS_HALF_TOPIC, groupId=CID_RMQ_SYS_TRANS, requestOffset=0
2026-05-08 19:46:55 WARN TransactionalMessageCheckService - No new message. GetMessageStatus=NO_MESSAGE_IN_QUEUE, topic=RMQ_SYS_TRANS_HALF_TOPIC, groupId=CID_RMQ_SYS_TRANS, requestOffset=0
2026-05-08 19:46:55 WARN TransactionalMessageCheckService - No new message. GetMessageStatus=NO_MESSAGE_IN_QUEUE, topic=RMQ_SYS_TRANS_OP_HALF_TOPIC, groupId=CID_RMQ_SYS_TRANS, requestOffset=0
2026-05-08 19:46:55 INFO TransactionalMessageCheckService - After check, MessageQueue [topic=RMQ_SYS_TRANS_HALF_TOPIC, brokerName=broker-a, queueId=0] opOffset=0 opOffsetDiff=0 msgOffset=0 msgOffsetDiff=0 msgTime=Fri May 08 11:46:55 UTC 2026 msgTimeDelayInMs=0 putInQueueCount=0
2026-05-08 19:46:55 INFO TransactionalMessageCheckService - End to check prepare message, consumed time:0
2026-05-08 19:47:25 INFO TransactionalMessageCheckService - Begin to check prepare message, begin time:1778240845541
2026-05-08 19:47:25 INFO TransactionalMessageCheckService - Before check, the queue=MessageQueue [topic=RMQ_SYS_TRANS_HALF_TOPIC, brokerName=broker-a, queueId=0] msgOffset=0 opOffset=0
2026-05-08 19:47:25 WARN TransactionalMessageCheckService - No new message. GetMessageStatus=NO_MESSAGE_IN_QUEUE, topic=RMQ_SYS_TRANS_OP_HALF_TOPIC, groupId=CID_RMQ_SYS_TRANS, requestOffset=0
2026-05-08 19:47:25 WARN TransactionalMessageCheckService - The miss op offset=0 in queue=MessageQueue [topic=RMQ_SYS_TRANS_OP_HALF_TOPIC, brokerName=broker-a, queueId=0] is NO_NEW_MSG, pullResult=PullResult [pullStatus=NO_NEW_MSG, nextBeginOffset=0, minOffset=0, maxOffset=0, msgFoundList=0]
2026-05-08 19:47:25 WARN TransactionalMessageCheckService - No new message. GetMessageStatus=NO_MESSAGE_IN_QUEUE, topic=RMQ_SYS_TRANS_HALF_TOPIC, groupId=CID_RMQ_SYS_TRANS, requestOffset=0
2026-05-08 19:47:25 WARN TransactionalMessageCheckService - No new message. GetMessageStatus=NO_MESSAGE_IN_QUEUE, topic=RMQ_SYS_TRANS_HALF_TOPIC, groupId=CID_RMQ_SYS_TRANS, requestOffset=0
2026-05-08 19:47:25 WARN TransactionalMessageCheckService - No new message. GetMessageStatus=NO_MESSAGE_IN_QUEUE, topic=RMQ_SYS_TRANS_OP_HALF_TOPIC, groupId=CID_RMQ_SYS_TRANS, requestOffset=0
2026-05-08 19:47:25 INFO TransactionalMessageCheckService - After check, MessageQueue [topic=RMQ_SYS_TRANS_HALF_TOPIC, brokerName=broker-a, queueId=0] opOffset=0 opOffsetDiff=0 msgOffset=0 msgOffsetDiff=0 msgTime=Fri May 08 11:47:25 UTC 2026 msgTimeDelayInMs=0 putInQueueCount=0
2026-05-08 19:47:25 INFO TransactionalMessageCheckService - End to check prepare message, consumed time:0
2026-05-08 19:47:55 INFO TransactionalMessageCheckService - Begin to check prepare message, begin time:1778240875542
2026-05-08 19:47:55 INFO TransactionalMessageCheckService - Before check, the queue=MessageQueue [topic=RMQ_SYS_TRANS_HALF_TOPIC, brokerName=broker-a, queueId=0] msgOffset=0 opOffset=0
2026-05-08 19:47:55 WARN TransactionalMessageCheckService - No new message. GetMessageStatus=NO_MESSAGE_IN_QUEUE, topic=RMQ_SYS_TRANS_OP_HALF_TOPIC, groupId=CID_RMQ_SYS_TRANS, requestOffset=0
2026-05-08 19:47:55 WARN TransactionalMessageCheckService - The miss op offset=0 in queue=MessageQueue [topic=RMQ_SYS_TRANS_OP_HALF_TOPIC, brokerName=broker-a, queueId=0] is NO_NEW_MSG, pullResult=PullResult [pullStatus=NO_NEW_MSG, nextBeginOffset=0, minOffset=0, maxOffset=0, msgFoundList=0]
2026-05-08 19:47:55 WARN TransactionalMessageCheckService - No new message. GetMessageStatus=NO_MESSAGE_IN_QUEUE, topic=RMQ_SYS_TRANS_HALF_TOPIC, groupId=CID_RMQ_SYS_TRANS, requestOffset=0
2026-05-08 19:47:55 WARN TransactionalMessageCheckService - No new message. GetMessageStatus=NO_MESSAGE_IN_QUEUE, topic=RMQ_SYS_TRANS_HALF_TOPIC, groupId=CID_RMQ_SYS_TRANS, requestOffset=0
2026-05-08 19:47:55 WARN TransactionalMessageCheckService - No new message. GetMessageStatus=NO_MESSAGE_IN_QUEUE, topic=RMQ_SYS_TRANS_OP_HALF_TOPIC, groupId=CID_RMQ_SYS_TRANS, requestOffset=0
2026-05-08 19:47:55 INFO TransactionalMessageCheckService - After check, MessageQueue [topic=RMQ_SYS_TRANS_HALF_TOPIC, brokerName=broker-a, queueId=0] opOffset=0 opOffsetDiff=0 msgOffset=0 msgOffsetDiff=0 msgTime=Fri May 08 11:47:55 UTC 2026 msgTimeDelayInMs=0 putInQueueCount=0
2026-05-08 19:47:55 INFO TransactionalMessageCheckService - End to check prepare message, consumed time:0
2026-05-08 19:48:25 INFO TransactionalMessageCheckService - Begin to check prepare message, begin time:1778240905543
2026-05-08 19:48:25 INFO TransactionalMessageCheckService - Before check, the queue=MessageQueue [topic=RMQ_SYS_TRANS_HALF_TOPIC, brokerName=broker-a, queueId=0] msgOffset=0 opOffset=0
2026-05-08 19:48:25 WARN TransactionalMessageCheckService - No new message. GetMessageStatus=NO_MESSAGE_IN_QUEUE, topic=RMQ_SYS_TRANS_OP_HALF_TOPIC, groupId=CID_RMQ_SYS_TRANS, requestOffset=0
2026-05-08 19:48:25 WARN TransactionalMessageCheckService - The miss op offset=0 in queue=MessageQueue [topic=RMQ_SYS_TRANS_OP_HALF_TOPIC, brokerName=broker-a, queueId=0] is NO_NEW_MSG, pullResult=PullResult [pullStatus=NO_NEW_MSG, nextBeginOffset=0, minOffset=0, maxOffset=0, msgFoundList=0]
2026-05-08 19:48:25 WARN TransactionalMessageCheckService - No new message. GetMessageStatus=NO_MESSAGE_IN_QUEUE, topic=RMQ_SYS_TRANS_HALF_TOPIC, groupId=CID_RMQ_SYS_TRANS, requestOffset=0
2026-05-08 19:48:25 WARN TransactionalMessageCheckService - No new message. GetMessageStatus=NO_MESSAGE_IN_QUEUE, topic=RMQ_SYS_TRANS_HALF_TOPIC, groupId=CID_RMQ_SYS_TRANS, requestOffset=0
2026-05-08 19:48:25 WARN TransactionalMessageCheckService - No new message. GetMessageStatus=NO_MESSAGE_IN_QUEUE, topic=RMQ_SYS_TRANS_OP_HALF_TOPIC, groupId=CID_RMQ_SYS_TRANS, requestOffset=0
2026-05-08 19:48:25 INFO TransactionalMessageCheckService - After check, MessageQueue [topic=RMQ_SYS_TRANS_HALF_TOPIC, brokerName=broker-a, queueId=0] opOffset=0 opOffsetDiff=0 msgOffset=0 msgOffsetDiff=0 msgTime=Fri May 08 11:48:25 UTC 2026 msgTimeDelayInMs=0 putInQueueCount=0
2026-05-08 19:48:25 INFO TransactionalMessageCheckService - End to check prepare message, consumed time:1
2026-05-08 19:48:55 INFO TransactionalMessageCheckService - Begin to check prepare message, begin time:1778240935546
2026-05-08 19:48:55 INFO TransactionalMessageCheckService - Before check, the queue=MessageQueue [topic=RMQ_SYS_TRANS_HALF_TOPIC, brokerName=broker-a, queueId=0] msgOffset=0 opOffset=0
2026-05-08 19:48:55 WARN TransactionalMessageCheckService - No new message. GetMessageStatus=NO_MESSAGE_IN_QUEUE, topic=RMQ_SYS_TRANS_OP_HALF_TOPIC, groupId=CID_RMQ_SYS_TRANS, requestOffset=0
2026-05-08 19:48:55 WARN TransactionalMessageCheckService - The miss op offset=0 in queue=MessageQueue [topic=RMQ_SYS_TRANS_OP_HALF_TOPIC, brokerName=broker-a, queueId=0] is NO_NEW_MSG, pullResult=PullResult [pullStatus=NO_NEW_MSG, nextBeginOffset=0, minOffset=0, maxOffset=0, msgFoundList=0]
2026-05-08 19:48:55 WARN TransactionalMessageCheckService - No new message. GetMessageStatus=NO_MESSAGE_IN_QUEUE, topic=RMQ_SYS_TRANS_HALF_TOPIC, groupId=CID_RMQ_SYS_TRANS, requestOffset=0
2026-05-08 19:48:55 WARN TransactionalMessageCheckService - No new message. GetMessageStatus=NO_MESSAGE_IN_QUEUE, topic=RMQ_SYS_TRANS_HALF_TOPIC, groupId=CID_RMQ_SYS_TRANS, requestOffset=0
2026-05-08 19:48:55 WARN TransactionalMessageCheckService - No new message. GetMessageStatus=NO_MESSAGE_IN_QUEUE, topic=RMQ_SYS_TRANS_OP_HALF_TOPIC, groupId=CID_RMQ_SYS_TRANS, requestOffset=0
2026-05-08 19:48:55 INFO TransactionalMessageCheckService - After check, MessageQueue [topic=RMQ_SYS_TRANS_HALF_TOPIC, brokerName=broker-a, queueId=0] opOffset=0 opOffsetDiff=0 msgOffset=0 msgOffsetDiff=0 msgTime=Fri May 08 11:48:55 UTC 2026 msgTimeDelayInMs=0 putInQueueCount=0
2026-05-08 19:48:55 INFO TransactionalMessageCheckService - End to check prepare message, consumed time:0
2026-05-08 19:49:25 INFO TransactionalMessageCheckService - Begin to check prepare message, begin time:1778240965547
2026-05-08 19:49:25 INFO TransactionalMessageCheckService - Before check, the queue=MessageQueue [topic=RMQ_SYS_TRANS_HALF_TOPIC, brokerName=broker-a, queueId=0] msgOffset=0 opOffset=0
2026-05-08 19:49:25 WARN TransactionalMessageCheckService - No new message. GetMessageStatus=NO_MESSAGE_IN_QUEUE, topic=RMQ_SYS_TRANS_OP_HALF_TOPIC, groupId=CID_RMQ_SYS_TRANS, requestOffset=0
2026-05-08 19:49:25 WARN TransactionalMessageCheckService - The miss op offset=0 in queue=MessageQueue [topic=RMQ_SYS_TRANS_OP_HALF_TOPIC, brokerName=broker-a, queueId=0] is NO_NEW_MSG, pullResult=PullResult [pullStatus=NO_NEW_MSG, nextBeginOffset=0, minOffset=0, maxOffset=0, msgFoundList=0]
2026-05-08 19:49:25 WARN TransactionalMessageCheckService - No new message. GetMessageStatus=NO_MESSAGE_IN_QUEUE, topic=RMQ_SYS_TRANS_HALF_TOPIC, groupId=CID_RMQ_SYS_TRANS, requestOffset=0
2026-05-08 19:49:25 WARN TransactionalMessageCheckService - No new message. GetMessageStatus=NO_MESSAGE_IN_QUEUE, topic=RMQ_SYS_TRANS_HALF_TOPIC, groupId=CID_RMQ_SYS_TRANS, requestOffset=0
2026-05-08 19:49:25 WARN TransactionalMessageCheckService - No new message. GetMessageStatus=NO_MESSAGE_IN_QUEUE, topic=RMQ_SYS_TRANS_OP_HALF_TOPIC, groupId=CID_RMQ_SYS_TRANS, requestOffset=0
2026-05-08 19:49:25 INFO TransactionalMessageCheckService - After check, MessageQueue [topic=RMQ_SYS_TRANS_HALF_TOPIC, brokerName=broker-a, queueId=0] opOffset=0 opOffsetDiff=0 msgOffset=0 msgOffsetDiff=0 msgTime=Fri May 08 11:49:25 UTC 2026 msgTimeDelayInMs=0 putInQueueCount=0
2026-05-08 19:49:25 INFO TransactionalMessageCheckService - End to check prepare message, consumed time:0
2026-05-08 19:49:55 INFO TransactionalMessageCheckService - Begin to check prepare message, begin time:1778240995548
2026-05-08 19:49:55 INFO TransactionalMessageCheckService - Before check, the queue=MessageQueue [topic=RMQ_SYS_TRANS_HALF_TOPIC, brokerName=broker-a, queueId=0] msgOffset=0 opOffset=0
2026-05-08 19:49:55 WARN TransactionalMessageCheckService - No new message. GetMessageStatus=NO_MESSAGE_IN_QUEUE, topic=RMQ_SYS_TRANS_OP_HALF_TOPIC, groupId=CID_RMQ_SYS_TRANS, requestOffset=0
2026-05-08 19:49:55 WARN TransactionalMessageCheckService - The miss op offset=0 in queue=MessageQueue [topic=RMQ_SYS_TRANS_OP_HALF_TOPIC, brokerName=broker-a, queueId=0] is NO_NEW_MSG, pullResult=PullResult [pullStatus=NO_NEW_MSG, nextBeginOffset=0, minOffset=0, maxOffset=0, msgFoundList=0]
2026-05-08 19:49:55 WARN TransactionalMessageCheckService - No new message. GetMessageStatus=NO_MESSAGE_IN_QUEUE, topic=RMQ_SYS_TRANS_HALF_TOPIC, groupId=CID_RMQ_SYS_TRANS, requestOffset=0
2026-05-08 19:49:55 WARN TransactionalMessageCheckService - No new message. GetMessageStatus=NO_MESSAGE_IN_QUEUE, topic=RMQ_SYS_TRANS_HALF_TOPIC, groupId=CID_RMQ_SYS_TRANS, requestOffset=0
2026-05-08 19:49:55 WARN TransactionalMessageCheckService - No new message. GetMessageStatus=NO_MESSAGE_IN_QUEUE, topic=RMQ_SYS_TRANS_OP_HALF_TOPIC, groupId=CID_RMQ_SYS_TRANS, requestOffset=0
2026-05-08 19:49:55 INFO TransactionalMessageCheckService - After check, MessageQueue [topic=RMQ_SYS_TRANS_HALF_TOPIC, brokerName=broker-a, queueId=0] opOffset=0 opOffsetDiff=0 msgOffset=0 msgOffsetDiff=0 msgTime=Fri May 08 11:49:55 UTC 2026 msgTimeDelayInMs=0 putInQueueCount=0
2026-05-08 19:49:55 INFO TransactionalMessageCheckService - End to check prepare message, consumed time:0
2026-05-08 19:50:25 INFO TransactionalMessageCheckService - Begin to check prepare message, begin time:1778241025550
2026-05-08 19:50:25 INFO TransactionalMessageCheckService - Before check, the queue=MessageQueue [topic=RMQ_SYS_TRANS_HALF_TOPIC, brokerName=broker-a, queueId=0] msgOffset=0 opOffset=0
2026-05-08 19:50:25 WARN TransactionalMessageCheckService - No new message. GetMessageStatus=NO_MESSAGE_IN_QUEUE, topic=RMQ_SYS_TRANS_OP_HALF_TOPIC, groupId=CID_RMQ_SYS_TRANS, requestOffset=0
2026-05-08 19:50:25 WARN TransactionalMessageCheckService - The miss op offset=0 in queue=MessageQueue [topic=RMQ_SYS_TRANS_OP_HALF_TOPIC, brokerName=broker-a, queueId=0] is NO_NEW_MSG, pullResult=PullResult [pullStatus=NO_NEW_MSG, nextBeginOffset=0, minOffset=0, maxOffset=0, msgFoundList=0]
2026-05-08 19:50:25 WARN TransactionalMessageCheckService - No new message. GetMessageStatus=NO_MESSAGE_IN_QUEUE, topic=RMQ_SYS_TRANS_HALF_TOPIC, groupId=CID_RMQ_SYS_TRANS, requestOffset=0
2026-05-08 19:50:25 WARN TransactionalMessageCheckService - No new message. GetMessageStatus=NO_MESSAGE_IN_QUEUE, topic=RMQ_SYS_TRANS_HALF_TOPIC, groupId=CID_RMQ_SYS_TRANS, requestOffset=0
2026-05-08 19:50:25 WARN TransactionalMessageCheckService - No new message. GetMessageStatus=NO_MESSAGE_IN_QUEUE, topic=RMQ_SYS_TRANS_OP_HALF_TOPIC, groupId=CID_RMQ_SYS_TRANS, requestOffset=0
2026-05-08 19:50:25 INFO TransactionalMessageCheckService - After check, MessageQueue [topic=RMQ_SYS_TRANS_HALF_TOPIC, brokerName=broker-a, queueId=0] opOffset=0 opOffsetDiff=0 msgOffset=0 msgOffsetDiff=0 msgTime=Fri May 08 11:50:25 UTC 2026 msgTimeDelayInMs=0 putInQueueCount=0
2026-05-08 19:50:25 INFO TransactionalMessageCheckService - End to check prepare message, consumed time:1
2026-05-08 19:50:53 INFO TransactionalOpBatchService - Start transaction op batch thread!
2026-05-08 19:50:53 INFO TransactionFlushService - TransactionFlushService service start
2026-05-08 19:50:53 INFO TransactionalMessageCheckService - Start transaction check service thread!
2026-05-08 19:51:23 INFO TransactionalMessageCheckService - Begin to check prepare message, begin time:1778241083696
2026-05-08 19:51:23 INFO TransactionalMessageCheckService - Before check, the queue=MessageQueue [topic=RMQ_SYS_TRANS_HALF_TOPIC, brokerName=broker-a, queueId=0] msgOffset=0 opOffset=0
2026-05-08 19:51:23 WARN TransactionalMessageCheckService - No new message. GetMessageStatus=NO_MESSAGE_IN_QUEUE, topic=RMQ_SYS_TRANS_OP_HALF_TOPIC, groupId=CID_RMQ_SYS_TRANS, requestOffset=0
2026-05-08 19:51:23 WARN TransactionalMessageCheckService - The miss op offset=0 in queue=MessageQueue [topic=RMQ_SYS_TRANS_OP_HALF_TOPIC, brokerName=broker-a, queueId=0] is NO_NEW_MSG, pullResult=PullResult [pullStatus=NO_NEW_MSG, nextBeginOffset=0, minOffset=0, maxOffset=0, msgFoundList=0]
2026-05-08 19:51:23 WARN TransactionalMessageCheckService - No new message. GetMessageStatus=NO_MESSAGE_IN_QUEUE, topic=RMQ_SYS_TRANS_HALF_TOPIC, groupId=CID_RMQ_SYS_TRANS, requestOffset=0
2026-05-08 19:51:23 WARN TransactionalMessageCheckService - No new message. GetMessageStatus=NO_MESSAGE_IN_QUEUE, topic=RMQ_SYS_TRANS_HALF_TOPIC, groupId=CID_RMQ_SYS_TRANS, requestOffset=0
2026-05-08 19:51:23 WARN TransactionalMessageCheckService - No new message. GetMessageStatus=NO_MESSAGE_IN_QUEUE, topic=RMQ_SYS_TRANS_OP_HALF_TOPIC, groupId=CID_RMQ_SYS_TRANS, requestOffset=0
2026-05-08 19:51:23 INFO TransactionalMessageCheckService - After check, MessageQueue [topic=RMQ_SYS_TRANS_HALF_TOPIC, brokerName=broker-a, queueId=0] opOffset=0 opOffsetDiff=0 msgOffset=0 msgOffsetDiff=0 msgTime=Fri May 08 11:51:23 UTC 2026 msgTimeDelayInMs=0 putInQueueCount=0
2026-05-08 19:51:23 INFO TransactionalMessageCheckService - End to check prepare message, consumed time:6
